[debug] [2024-04-14T14:03:49.971Z] ----------------------------------------------------------------------
[debug] [2024-04-14T14:03:49.986Z] Command:       /Users/maraquepo/.nvm/versions/node/v18.17.0/bin/node /Users/maraquepo/.npm-packages/bin/firebase deploy --only functions
[debug] [2024-04-14T14:03:49.987Z] CLI Version:   10.7.2
[debug] [2024-04-14T14:03:49.987Z] Platform:      darwin
[debug] [2024-04-14T14:03:49.988Z] Node Version:  v18.17.0
[debug] [2024-04-14T14:03:50.018Z] Time:          Sun Apr 14 2024 09:03:49 GMT-0500 (Central Daylight Time)
[debug] [2024-04-14T14:03:50.019Z] ----------------------------------------------------------------------
[debug] 
[debug] [2024-04-14T14:03:50.093Z] > command requires scopes: ["email","openid","https://www.googleapis.com/auth/cloudplatformprojects.readonly","https://www.googleapis.com/auth/firebase","https://www.googleapis.com/auth/cloud-platform"]
[debug] [2024-04-14T14:03:50.093Z] > authorizing via signed-in user (matt.raquepo@gmail.com)
[debug] [2024-04-14T14:03:50.093Z] [iam] checking project forum-9b949 for permissions ["cloudfunctions.functions.create","cloudfunctions.functions.delete","cloudfunctions.functions.get","cloudfunctions.functions.list","cloudfunctions.functions.update","cloudfunctions.operations.get","firebase.projects.get"]
[debug] [2024-04-14T14:03:50.103Z] >>> [apiv2][query] POST https://cloudresourcemanager.googleapis.com/v1/projects/forum-9b949:testIamPermissions [none]
[debug] [2024-04-14T14:03:50.103Z] >>> [apiv2][body] POST https://cloudresourcemanager.googleapis.com/v1/projects/forum-9b949:testIamPermissions {"permissions":["cloudfunctions.functions.create","cloudfunctions.functions.delete","cloudfunctions.functions.get","cloudfunctions.functions.list","cloudfunctions.functions.update","cloudfunctions.operations.get","firebase.projects.get"]}
[debug] [2024-04-14T14:03:50.387Z] <<< [apiv2][status] POST https://cloudresourcemanager.googleapis.com/v1/projects/forum-9b949:testIamPermissions 200
[debug] [2024-04-14T14:03:50.387Z] <<< [apiv2][body] POST https://cloudresourcemanager.googleapis.com/v1/projects/forum-9b949:testIamPermissions {"permissions":["cloudfunctions.functions.create","cloudfunctions.functions.delete","cloudfunctions.functions.get","cloudfunctions.functions.list","cloudfunctions.functions.update","cloudfunctions.operations.get","firebase.projects.get"]}
[debug] [2024-04-14T14:03:50.388Z] >>> [apiv2][query] POST https://iam.googleapis.com/v1/projects/forum-9b949/serviceAccounts/forum-9b949@appspot.gserviceaccount.com:testIamPermissions [none]
[debug] [2024-04-14T14:03:50.388Z] >>> [apiv2][body] POST https://iam.googleapis.com/v1/projects/forum-9b949/serviceAccounts/forum-9b949@appspot.gserviceaccount.com:testIamPermissions {"permissions":["iam.serviceAccounts.actAs"]}
[debug] [2024-04-14T14:03:50.678Z] <<< [apiv2][status] POST https://iam.googleapis.com/v1/projects/forum-9b949/serviceAccounts/forum-9b949@appspot.gserviceaccount.com:testIamPermissions 404
[debug] [2024-04-14T14:03:50.678Z] <<< [apiv2][body] POST https://iam.googleapis.com/v1/projects/forum-9b949/serviceAccounts/forum-9b949@appspot.gserviceaccount.com:testIamPermissions {"error":{"code":404,"message":"Unknown service account","status":"NOT_FOUND"}}
[debug] [2024-04-14T14:03:50.679Z] [functions] service account IAM check errored, deploy may fail:HTTP Error: 404, Unknown service account {"name":"FirebaseError","children":[],"context":{"body":{"error":{"code":404,"message":"Unknown service account","status":"NOT_FOUND"}},"response":{"statusCode":404}},"exit":1,"message":"HTTP Error: 404, Unknown service account","status":404}
[info] 
[info] === Deploying to 'forum-9b949'...
[info] 
[info] i  deploying functions 
[info] Running command: npm --prefix "$RESOURCE_DIR" run build
[info] ✔  functions: Finished running predeploy script. 
[debug] [2024-04-14T14:03:53.887Z] >>> [apiv2][query] GET https://firebase.googleapis.com/v1beta1/projects/forum-9b949 [none]
[debug] [2024-04-14T14:03:54.222Z] <<< [apiv2][status] GET https://firebase.googleapis.com/v1beta1/projects/forum-9b949 200
[debug] [2024-04-14T14:03:54.223Z] <<< [apiv2][body] GET https://firebase.googleapis.com/v1beta1/projects/forum-9b949 {"projectId":"forum-9b949","projectNumber":"177765753804","displayName":"Forum","name":"projects/forum-9b949","resources":{"hostingSite":"forum-9b949"},"state":"ACTIVE","etag":"1_ae9936a0-119c-49dc-96e6-d52d78b0b5af"}
[info] i  functions: ensuring required API cloudfunctions.googleapis.com is enabled... 
[info] i  functions: ensuring required API cloudbuild.googleapis.com is enabled... 
[debug] [2024-04-14T14:03:54.224Z] >>> [apiv2][query] GET https://serviceusage.googleapis.com/v1/projects/forum-9b949/services/cloudfunctions.googleapis.com [none]
[debug] [2024-04-14T14:03:54.225Z] >>> [apiv2][query] GET https://serviceusage.googleapis.com/v1/projects/forum-9b949/services/runtimeconfig.googleapis.com [none]
[debug] [2024-04-14T14:03:54.225Z] >>> [apiv2][query] GET https://serviceusage.googleapis.com/v1/projects/forum-9b949/services/cloudbuild.googleapis.com [none]
[debug] [2024-04-14T14:03:54.225Z] >>> [apiv2][query] GET https://serviceusage.googleapis.com/v1/projects/forum-9b949/services/artifactregistry.googleapis.com [none]
[debug] [2024-04-14T14:03:54.544Z] <<< [apiv2][status] GET https://serviceusage.googleapis.com/v1/projects/forum-9b949/services/runtimeconfig.googleapis.com 200
[debug] [2024-04-14T14:03:54.544Z] <<< [apiv2][body] GET https://serviceusage.googleapis.com/v1/projects/forum-9b949/services/runtimeconfig.googleapis.com [omitted]
[debug] [2024-04-14T14:03:54.569Z] <<< [apiv2][status] GET https://serviceusage.googleapis.com/v1/projects/forum-9b949/services/cloudfunctions.googleapis.com 200
[debug] [2024-04-14T14:03:54.569Z] <<< [apiv2][body] GET https://serviceusage.googleapis.com/v1/projects/forum-9b949/services/cloudfunctions.googleapis.com [omitted]
[info] ✔  functions: required API cloudfunctions.googleapis.com is enabled 
[debug] [2024-04-14T14:03:54.572Z] <<< [apiv2][status] GET https://serviceusage.googleapis.com/v1/projects/forum-9b949/services/artifactregistry.googleapis.com 200
[debug] [2024-04-14T14:03:54.572Z] <<< [apiv2][body] GET https://serviceusage.googleapis.com/v1/projects/forum-9b949/services/artifactregistry.googleapis.com [omitted]
[debug] [2024-04-14T14:03:54.573Z] <<< [apiv2][status] GET https://serviceusage.googleapis.com/v1/projects/forum-9b949/services/cloudbuild.googleapis.com 200
[debug] [2024-04-14T14:03:54.573Z] <<< [apiv2][body] GET https://serviceusage.googleapis.com/v1/projects/forum-9b949/services/cloudbuild.googleapis.com [omitted]
[warn] ⚠  functions: missing required API cloudbuild.googleapis.com. Enabling now... 
[debug] [2024-04-14T14:03:54.574Z] >>> [apiv2][query] POST https://serviceusage.googleapis.com/v1/projects/forum-9b949/services/cloudbuild.googleapis.com:enable [none]
[debug] [2024-04-14T14:03:55.340Z] <<< [apiv2][status] POST https://serviceusage.googleapis.com/v1/projects/forum-9b949/services/cloudbuild.googleapis.com:enable 200
[debug] [2024-04-14T14:03:55.341Z] <<< [apiv2][body] POST https://serviceusage.googleapis.com/v1/projects/forum-9b949/services/cloudbuild.googleapis.com:enable [omitted]
[debug] [2024-04-14T14:04:05.343Z] >>> [apiv2][query] GET https://serviceusage.googleapis.com/v1/projects/forum-9b949/services/cloudbuild.googleapis.com [none]
[debug] [2024-04-14T14:04:05.672Z] <<< [apiv2][status] GET https://serviceusage.googleapis.com/v1/projects/forum-9b949/services/cloudbuild.googleapis.com 200
[debug] [2024-04-14T14:04:05.672Z] <<< [apiv2][body] GET https://serviceusage.googleapis.com/v1/projects/forum-9b949/services/cloudbuild.googleapis.com [omitted]
[info] ✔  functions: required API cloudbuild.googleapis.com is enabled 
[debug] [2024-04-14T14:04:05.674Z] >>> [apiv2][query] GET https://firebase.googleapis.com/v1beta1/projects/forum-9b949/adminSdkConfig [none]
[debug] [2024-04-14T14:04:05.896Z] <<< [apiv2][status] GET https://firebase.googleapis.com/v1beta1/projects/forum-9b949/adminSdkConfig 200
[debug] [2024-04-14T14:04:05.896Z] <<< [apiv2][body] GET https://firebase.googleapis.com/v1beta1/projects/forum-9b949/adminSdkConfig {"projectId":"forum-9b949","storageBucket":"forum-9b949.appspot.com"}
[debug] [2024-04-14T14:04:05.897Z] >>> [apiv2][query] GET https://runtimeconfig.googleapis.com/v1beta1/projects/forum-9b949/configs [none]
[debug] [2024-04-14T14:04:06.246Z] <<< [apiv2][status] GET https://runtimeconfig.googleapis.com/v1beta1/projects/forum-9b949/configs 200
[debug] [2024-04-14T14:04:06.247Z] <<< [apiv2][body] GET https://runtimeconfig.googleapis.com/v1beta1/projects/forum-9b949/configs {}
[info] i  functions: preparing codebase default for deployment 
[debug] [2024-04-14T14:04:06.249Z] Validating nodejs source
[warn] ⚠  functions: package.json indicates an outdated version of firebase-functions. Please upgrade using npm install --save firebase-functions@latest in your functions directory. 
[warn] ⚠  functions: Please note that there will be breaking changes when you upgrade. 
[debug] [2024-04-14T14:04:07.299Z] > [functions] package.json contents: {
  "name": "functions",
  "scripts": {
    "build": "tsc",
    "serve": "npm run build && firebase emulators:start --only functions",
    "shell": "npm run build && firebase functions:shell",
    "start": "npm run shell",
    "deploy": "firebase deploy --only functions",
    "logs": "firebase functions:log"
  },
  "engines": {
    "node": "16"
  },
  "main": "lib/index.js",
  "dependencies": {
    "firebase-admin": "^10.0.2",
    "firebase-functions": "^3.18.0"
  },
  "devDependencies": {
    "typescript": "^4.5.4",
    "firebase-functions-test": "^0.2.0"
  },
  "private": true
}
[debug] [2024-04-14T14:04:07.299Z] Building nodejs source
[debug] [2024-04-14T14:04:07.300Z] Analyzing nodejs backend spec
[info] i  functions: preparing functions directory for uploading... 
[info] i  functions: packaged /Users/maraquepo/Desktop/sideprojects/red-clone-one/functions (31.93 KB) for uploading 
[debug] [2024-04-14T14:04:07.474Z] >>> [apiv2][query] GET https://cloudfunctions.googleapis.com/v1/projects/forum-9b949/locations/-/functions [none]
[debug] [2024-04-14T14:04:08.136Z] <<< [apiv2][status] GET https://cloudfunctions.googleapis.com/v1/projects/forum-9b949/locations/-/functions 200
[debug] [2024-04-14T14:04:08.136Z] <<< [apiv2][body] GET https://cloudfunctions.googleapis.com/v1/projects/forum-9b949/locations/-/functions {}
[debug] [2024-04-14T14:04:08.140Z] >>> [apiv2][query] GET https://firebase.googleapis.com/v1beta1/projects/forum-9b949 [none]
[debug] [2024-04-14T14:04:08.369Z] <<< [apiv2][status] GET https://firebase.googleapis.com/v1beta1/projects/forum-9b949 200
[debug] [2024-04-14T14:04:08.370Z] <<< [apiv2][body] GET https://firebase.googleapis.com/v1beta1/projects/forum-9b949 {"projectId":"forum-9b949","projectNumber":"177765753804","displayName":"Forum","name":"projects/forum-9b949","resources":{"hostingSite":"forum-9b949"},"state":"ACTIVE","etag":"1_ae9936a0-119c-49dc-96e6-d52d78b0b5af"}
[debug] [2024-04-14T14:04:08.371Z] >>> [apiv2][query] POST https://cloudfunctions.googleapis.com/v1/projects/forum-9b949/locations/us-central1/functions:generateUploadUrl [none]
[debug] [2024-04-14T14:04:08.372Z] >>> [apiv2][body] POST https://cloudfunctions.googleapis.com/v1/projects/forum-9b949/locations/us-central1/functions:generateUploadUrl {}
[debug] [2024-04-14T14:04:18.385Z] <<< [apiv2][status] POST https://cloudfunctions.googleapis.com/v1/projects/forum-9b949/locations/us-central1/functions:generateUploadUrl 200
[debug] [2024-04-14T14:04:18.385Z] <<< [apiv2][body] POST https://cloudfunctions.googleapis.com/v1/projects/forum-9b949/locations/us-central1/functions:generateUploadUrl {"uploadUrl":"https://storage.googleapis.com/uploads-257852764889.us-central1.cloudfunctions.appspot.com/2621e077-f736-4e8f-93aa-6d73d9f84562.zip?GoogleAccessId=service-177765753804@gcf-admin-robot.iam.gserviceaccount.com&Expires=1713105258&Signature=lCEpgeck9%2F6UqxoGROYb0aq%2BDls9sSDuDL7caQjPx5D1y%2BzBBoaHIrpuUasqzL550i5tKptvzQVbUCfG9ry08v500jos%2BWWDJBxc2XA4mPkf7KM1Onqi0E%2B8ClNiTnDqHK4RTteQ7S4y3PSdZOU%2FZ3PzcH8MQXHp5BwD1ifjqYd2xBEZew37z7%2BgPgTGDvzl8NS9orDvr9G49BVwLfw9tMdLRPueZBYtF4hlBqDmDu5nY4l5iyuAm%2BSfhBfMDoqwuyMTaI3mTZ8wL0KPxMA9Tol5r2W%2BPs%2F%2Bz5dkGK772VEE4nEyO1sqi6IZbiKzQ%2BcPFsgROZZHKc%2Fl%2FW%2FkZwnQFQ%3D%3D"}
[debug] [2024-04-14T14:04:18.389Z] >>> [apiv2][query] PUT https://storage.googleapis.com/uploads-257852764889.us-central1.cloudfunctions.appspot.com/2621e077-f736-4e8f-93aa-6d73d9f84562.zip GoogleAccessId=service-177765753804%40gcf-admin-robot.iam.gserviceaccount.com&Expires=1713105258&Signature=lCEpgeck9%2F6UqxoGROYb0aq%2BDls9sSDuDL7caQjPx5D1y%2BzBBoaHIrpuUasqzL550i5tKptvzQVbUCfG9ry08v500jos%2BWWDJBxc2XA4mPkf7KM1Onqi0E%2B8ClNiTnDqHK4RTteQ7S4y3PSdZOU%2FZ3PzcH8MQXHp5BwD1ifjqYd2xBEZew37z7%2BgPgTGDvzl8NS9orDvr9G49BVwLfw9tMdLRPueZBYtF4hlBqDmDu5nY4l5iyuAm%2BSfhBfMDoqwuyMTaI3mTZ8wL0KPxMA9Tol5r2W%2BPs%2F%2Bz5dkGK772VEE4nEyO1sqi6IZbiKzQ%2BcPFsgROZZHKc%2Fl%2FW%2FkZwnQFQ%3D%3D
[debug] [2024-04-14T14:04:18.390Z] >>> [apiv2][body] PUT https://storage.googleapis.com/uploads-257852764889.us-central1.cloudfunctions.appspot.com/2621e077-f736-4e8f-93aa-6d73d9f84562.zip [stream]
[debug] [2024-04-14T14:04:18.887Z] <<< [apiv2][status] PUT https://storage.googleapis.com/uploads-257852764889.us-central1.cloudfunctions.appspot.com/2621e077-f736-4e8f-93aa-6d73d9f84562.zip 200
[debug] [2024-04-14T14:04:18.887Z] <<< [apiv2][body] PUT https://storage.googleapis.com/uploads-257852764889.us-central1.cloudfunctions.appspot.com/2621e077-f736-4e8f-93aa-6d73d9f84562.zip [omitted]
[info] ✔  functions: functions folder uploaded successfully 
[info] i  functions: creating Node.js 16 function createUserDocument(us-central1)... 
[debug] [2024-04-14T14:04:18.892Z] >>> [apiv2][query] POST https://cloudfunctions.googleapis.com/v1/projects/forum-9b949/locations/us-central1/functions [none]
[debug] [2024-04-14T14:04:18.893Z] >>> [apiv2][body] POST https://cloudfunctions.googleapis.com/v1/projects/forum-9b949/locations/us-central1/functions {"name":"projects/forum-9b949/locations/us-central1/functions/createUserDocument","sourceUploadUrl":"https://storage.googleapis.com/uploads-257852764889.us-central1.cloudfunctions.appspot.com/2621e077-f736-4e8f-93aa-6d73d9f84562.zip?GoogleAccessId=service-177765753804@gcf-admin-robot.iam.gserviceaccount.com&Expires=1713105258&Signature=lCEpgeck9%2F6UqxoGROYb0aq%2BDls9sSDuDL7caQjPx5D1y%2BzBBoaHIrpuUasqzL550i5tKptvzQVbUCfG9ry08v500jos%2BWWDJBxc2XA4mPkf7KM1Onqi0E%2B8ClNiTnDqHK4RTteQ7S4y3PSdZOU%2FZ3PzcH8MQXHp5BwD1ifjqYd2xBEZew37z7%2BgPgTGDvzl8NS9orDvr9G49BVwLfw9tMdLRPueZBYtF4hlBqDmDu5nY4l5iyuAm%2BSfhBfMDoqwuyMTaI3mTZ8wL0KPxMA9Tol5r2W%2BPs%2F%2Bz5dkGK772VEE4nEyO1sqi6IZbiKzQ%2BcPFsgROZZHKc%2Fl%2FW%2FkZwnQFQ%3D%3D","entryPoint":"createUserDocument","runtime":"nodejs16","labels":{"deployment-tool":"cli-firebase"},"eventTrigger":{"eventType":"providers/firebase.auth/eventTypes/user.create","resource":"projects/forum-9b949"},"environmentVariables":{"FIREBASE_CONFIG":"{\"projectId\":\"forum-9b949\",\"storageBucket\":\"forum-9b949.appspot.com\"}","GCLOUD_PROJECT":"forum-9b949"}}
[debug] [2024-04-14T14:04:20.252Z] <<< [apiv2][status] POST https://cloudfunctions.googleapis.com/v1/projects/forum-9b949/locations/us-central1/functions 403
[debug] [2024-04-14T14:04:20.252Z] <<< [apiv2][body] POST https://cloudfunctions.googleapis.com/v1/projects/forum-9b949/locations/us-central1/functions {"error":{"code":403,"message":"Unable to retrieve the repository metadata for projects/forum-9b949/locations/us-central1/repositories/gcf-artifacts. Ensure that the Cloud Functions service account has 'artifactregistry.repositories.list' and 'artifactregistry.repositories.get' permissions. You can add the permissions by granting the role 'roles/artifactregistry.reader'.","status":"PERMISSION_DENIED"}}
[warn] ⚠  functions: failed to create function projects/forum-9b949/locations/us-central1/functions/createUserDocument 
[error] Failed to create function projects/forum-9b949/locations/us-central1/functions/createUserDocument
[debug] [2024-04-14T14:04:20.269Z] Total Function Deployment time: 1367
[debug] [2024-04-14T14:04:20.269Z] 1 Functions Deployed
[debug] [2024-04-14T14:04:20.269Z] 1 Functions Errored
[debug] [2024-04-14T14:04:20.269Z] 0 Function Deployments Aborted
[debug] [2024-04-14T14:04:20.269Z] Average Function Deployment time: 1364
[info] 
[info] Functions deploy had errors with the following functions:
	createUserDocument(us-central1)
[info] i  functions: cleaning up build files... 
[debug] [2024-04-14T14:04:20.396Z] >>> [apiv2][query] GET https://us.gcr.io/v2/forum-9b949/gcf/us-central1/tags/list [none]
[debug] [2024-04-14T14:04:20.939Z] <<< [apiv2][status] GET https://us.gcr.io/v2/forum-9b949/gcf/us-central1/tags/list 404
[debug] [2024-04-14T14:04:20.939Z] <<< [apiv2][body] GET https://us.gcr.io/v2/forum-9b949/gcf/us-central1/tags/list {"errors":[{"code":"NAME_UNKNOWN","message":"Repository \"us.gcr.io\" not found"}]}
[debug] [2024-04-14T14:04:20.939Z] Failed docker command with error HTTP Error: 404, Not Found {"name":"FirebaseError","children":[],"context":{"body":{"errors":[{"code":"NAME_UNKNOWN","message":"Repository \"us.gcr.io\" not found"}],"error":{"message":"Not Found"}},"response":{"statusCode":404}},"exit":1,"message":"HTTP Error: 404, Not Found","status":404}
[debug] [2024-04-14T14:04:20.940Z] >>> [apiv2][query] GET https://us.gcr.io/v2/forum-9b949/gcf/us-central1/tags/list [none]
[debug] [2024-04-14T14:04:21.130Z] <<< [apiv2][status] GET https://us.gcr.io/v2/forum-9b949/gcf/us-central1/tags/list 404
[debug] [2024-04-14T14:04:21.130Z] <<< [apiv2][body] GET https://us.gcr.io/v2/forum-9b949/gcf/us-central1/tags/list {"errors":[{"code":"NAME_UNKNOWN","message":"Repository \"us.gcr.io\" not found"}]}
[debug] [2024-04-14T14:04:21.130Z] Failed docker command with error HTTP Error: 404, Not Found {"name":"FirebaseError","children":[],"context":{"body":{"errors":[{"code":"NAME_UNKNOWN","message":"Repository \"us.gcr.io\" not found"}],"error":{"message":"Not Found"}},"response":{"statusCode":404}},"exit":1,"message":"HTTP Error: 404, Not Found","status":404}
[debug] [2024-04-14T14:04:21.232Z] >>> [apiv2][query] GET https://us.gcr.io/v2/forum-9b949/gcf/us-central1/tags/list [none]
[debug] [2024-04-14T14:04:21.519Z] <<< [apiv2][status] GET https://us.gcr.io/v2/forum-9b949/gcf/us-central1/tags/list 404
[debug] [2024-04-14T14:04:21.519Z] <<< [apiv2][body] GET https://us.gcr.io/v2/forum-9b949/gcf/us-central1/tags/list {"errors":[{"code":"NAME_UNKNOWN","message":"Repository \"us.gcr.io\" not found"}]}
[debug] [2024-04-14T14:04:21.519Z] Failed docker command with error HTTP Error: 404, Not Found {"name":"FirebaseError","children":[],"context":{"body":{"errors":[{"code":"NAME_UNKNOWN","message":"Repository \"us.gcr.io\" not found"}],"error":{"message":"Not Found"}},"response":{"statusCode":404}},"exit":1,"message":"HTTP Error: 404, Not Found","status":404}
[warn] ⚠  functions: Unhandled error cleaning up build images. This could result in a small monthly bill if not corrected. You can attempt to delete these images by redeploying or you can delete them manually at https://console.cloud.google.com/gcr/images/forum-9b949/us/gcf 
[debug] [2024-04-14T14:04:21.915Z] Error: Failed to create function createUserDocument in region us-central1
    at /Users/maraquepo/.npm-packages/lib/node_modules/firebase-tools/lib/deploy/functions/release/fabricator.js:41:11
    at process.processTicksAndRejections (node:internal/process/task_queues:95:5)
    at async Fabricator.createV1Function (/Users/maraquepo/.npm-packages/lib/node_modules/firebase-tools/lib/deploy/functions/release/fabricator.js:167:32)
    at async Fabricator.createEndpoint (/Users/maraquepo/.npm-packages/lib/node_modules/firebase-tools/lib/deploy/functions/release/fabricator.js:118:13)
    at async handle (/Users/maraquepo/.npm-packages/lib/node_modules/firebase-tools/lib/deploy/functions/release/fabricator.js:77:17)
[error] 
[error] Error: There was an error deploying functions
[debug] [2024-04-14T14:08:55.441Z] ----------------------------------------------------------------------
[debug] [2024-04-14T14:08:55.442Z] Command:       /Users/maraquepo/.nvm/versions/node/v18.17.0/bin/node /Users/maraquepo/.npm-packages/bin/firebase deploy --only functions --debug
[debug] [2024-04-14T14:08:55.442Z] CLI Version:   10.7.2
[debug] [2024-04-14T14:08:55.442Z] Platform:      darwin
[debug] [2024-04-14T14:08:55.442Z] Node Version:  v18.17.0
[debug] [2024-04-14T14:08:55.446Z] Time:          Sun Apr 14 2024 09:08:55 GMT-0500 (Central Daylight Time)
[debug] [2024-04-14T14:08:55.447Z] ----------------------------------------------------------------------
[debug] 
[debug] [2024-04-14T14:08:55.475Z] > command requires scopes: ["email","openid","https://www.googleapis.com/auth/cloudplatformprojects.readonly","https://www.googleapis.com/auth/firebase","https://www.googleapis.com/auth/cloud-platform"]
[debug] [2024-04-14T14:08:55.475Z] > authorizing via signed-in user (matt.raquepo@gmail.com)
[debug] [2024-04-14T14:08:55.475Z] [iam] checking project forum-9b949 for permissions ["cloudfunctions.functions.create","cloudfunctions.functions.delete","cloudfunctions.functions.get","cloudfunctions.functions.list","cloudfunctions.functions.update","cloudfunctions.operations.get","firebase.projects.get"]
[debug] [2024-04-14T14:08:55.476Z] >>> [apiv2][query] POST https://cloudresourcemanager.googleapis.com/v1/projects/forum-9b949:testIamPermissions [none]
[debug] [2024-04-14T14:08:55.476Z] >>> [apiv2][body] POST https://cloudresourcemanager.googleapis.com/v1/projects/forum-9b949:testIamPermissions {"permissions":["cloudfunctions.functions.create","cloudfunctions.functions.delete","cloudfunctions.functions.get","cloudfunctions.functions.list","cloudfunctions.functions.update","cloudfunctions.operations.get","firebase.projects.get"]}
[debug] [2024-04-14T14:08:55.764Z] <<< [apiv2][status] POST https://cloudresourcemanager.googleapis.com/v1/projects/forum-9b949:testIamPermissions 200
[debug] [2024-04-14T14:08:55.764Z] <<< [apiv2][body] POST https://cloudresourcemanager.googleapis.com/v1/projects/forum-9b949:testIamPermissions {"permissions":["cloudfunctions.functions.create","cloudfunctions.functions.delete","cloudfunctions.functions.get","cloudfunctions.functions.list","cloudfunctions.functions.update","cloudfunctions.operations.get","firebase.projects.get"]}
[debug] [2024-04-14T14:08:55.765Z] >>> [apiv2][query] POST https://iam.googleapis.com/v1/projects/forum-9b949/serviceAccounts/forum-9b949@appspot.gserviceaccount.com:testIamPermissions [none]
[debug] [2024-04-14T14:08:55.766Z] >>> [apiv2][body] POST https://iam.googleapis.com/v1/projects/forum-9b949/serviceAccounts/forum-9b949@appspot.gserviceaccount.com:testIamPermissions {"permissions":["iam.serviceAccounts.actAs"]}
[debug] [2024-04-14T14:08:55.998Z] <<< [apiv2][status] POST https://iam.googleapis.com/v1/projects/forum-9b949/serviceAccounts/forum-9b949@appspot.gserviceaccount.com:testIamPermissions 200
[debug] [2024-04-14T14:08:55.998Z] <<< [apiv2][body] POST https://iam.googleapis.com/v1/projects/forum-9b949/serviceAccounts/forum-9b949@appspot.gserviceaccount.com:testIamPermissions {"permissions":["iam.serviceAccounts.actAs"]}
[info] 
[info] === Deploying to 'forum-9b949'...
[info] 
[info] i  deploying functions 
[info] Running command: npm --prefix "$RESOURCE_DIR" run build
[info] ✔  functions: Finished running predeploy script. 
[debug] [2024-04-14T14:08:58.801Z] >>> [apiv2][query] GET https://firebase.googleapis.com/v1beta1/projects/forum-9b949 [none]
[debug] [2024-04-14T14:08:59.079Z] <<< [apiv2][status] GET https://firebase.googleapis.com/v1beta1/projects/forum-9b949 200
[debug] [2024-04-14T14:08:59.079Z] <<< [apiv2][body] GET https://firebase.googleapis.com/v1beta1/projects/forum-9b949 {"projectId":"forum-9b949","projectNumber":"177765753804","displayName":"Forum","name":"projects/forum-9b949","resources":{"hostingSite":"forum-9b949"},"state":"ACTIVE","etag":"1_ae9936a0-119c-49dc-96e6-d52d78b0b5af"}
[info] i  functions: ensuring required API cloudfunctions.googleapis.com is enabled... 
[info] i  functions: ensuring required API cloudbuild.googleapis.com is enabled... 
[debug] [2024-04-14T14:08:59.082Z] >>> [apiv2][query] GET https://serviceusage.googleapis.com/v1/projects/forum-9b949/services/cloudfunctions.googleapis.com [none]
[debug] [2024-04-14T14:08:59.084Z] >>> [apiv2][query] GET https://serviceusage.googleapis.com/v1/projects/forum-9b949/services/runtimeconfig.googleapis.com [none]
[debug] [2024-04-14T14:08:59.085Z] >>> [apiv2][query] GET https://serviceusage.googleapis.com/v1/projects/forum-9b949/services/cloudbuild.googleapis.com [none]
[debug] [2024-04-14T14:08:59.086Z] >>> [apiv2][query] GET https://serviceusage.googleapis.com/v1/projects/forum-9b949/services/artifactregistry.googleapis.com [none]
[debug] [2024-04-14T14:08:59.415Z] <<< [apiv2][status] GET https://serviceusage.googleapis.com/v1/projects/forum-9b949/services/runtimeconfig.googleapis.com 200
[debug] [2024-04-14T14:08:59.415Z] <<< [apiv2][body] GET https://serviceusage.googleapis.com/v1/projects/forum-9b949/services/runtimeconfig.googleapis.com [omitted]
[debug] [2024-04-14T14:08:59.454Z] <<< [apiv2][status] GET https://serviceusage.googleapis.com/v1/projects/forum-9b949/services/cloudbuild.googleapis.com 200
[debug] [2024-04-14T14:08:59.454Z] <<< [apiv2][body] GET https://serviceusage.googleapis.com/v1/projects/forum-9b949/services/cloudbuild.googleapis.com [omitted]
[info] ✔  functions: required API cloudbuild.googleapis.com is enabled 
[debug] [2024-04-14T14:08:59.455Z] <<< [apiv2][status] GET https://serviceusage.googleapis.com/v1/projects/forum-9b949/services/cloudfunctions.googleapis.com 200
[debug] [2024-04-14T14:08:59.456Z] <<< [apiv2][body] GET https://serviceusage.googleapis.com/v1/projects/forum-9b949/services/cloudfunctions.googleapis.com [omitted]
[info] ✔  functions: required API cloudfunctions.googleapis.com is enabled 
[debug] [2024-04-14T14:08:59.496Z] <<< [apiv2][status] GET https://serviceusage.googleapis.com/v1/projects/forum-9b949/services/artifactregistry.googleapis.com 200
[debug] [2024-04-14T14:08:59.497Z] <<< [apiv2][body] GET https://serviceusage.googleapis.com/v1/projects/forum-9b949/services/artifactregistry.googleapis.com [omitted]
[debug] [2024-04-14T14:08:59.498Z] >>> [apiv2][query] GET https://firebase.googleapis.com/v1beta1/projects/forum-9b949/adminSdkConfig [none]
[debug] [2024-04-14T14:08:59.730Z] <<< [apiv2][status] GET https://firebase.googleapis.com/v1beta1/projects/forum-9b949/adminSdkConfig 200
[debug] [2024-04-14T14:08:59.730Z] <<< [apiv2][body] GET https://firebase.googleapis.com/v1beta1/projects/forum-9b949/adminSdkConfig {"projectId":"forum-9b949","storageBucket":"forum-9b949.appspot.com"}
[debug] [2024-04-14T14:08:59.730Z] >>> [apiv2][query] GET https://runtimeconfig.googleapis.com/v1beta1/projects/forum-9b949/configs [none]
[debug] [2024-04-14T14:09:00.046Z] <<< [apiv2][status] GET https://runtimeconfig.googleapis.com/v1beta1/projects/forum-9b949/configs 200
[debug] [2024-04-14T14:09:00.047Z] <<< [apiv2][body] GET https://runtimeconfig.googleapis.com/v1beta1/projects/forum-9b949/configs {}
[info] i  functions: preparing codebase default for deployment 
[debug] [2024-04-14T14:09:00.048Z] Validating nodejs source
[warn] ⚠  functions: package.json indicates an outdated version of firebase-functions. Please upgrade using npm install --save firebase-functions@latest in your functions directory. 
[warn] ⚠  functions: Please note that there will be breaking changes when you upgrade. 
[debug] [2024-04-14T14:09:01.134Z] > [functions] package.json contents: {
  "name": "functions",
  "scripts": {
    "build": "tsc",
    "serve": "npm run build && firebase emulators:start --only functions",
    "shell": "npm run build && firebase functions:shell",
    "start": "npm run shell",
    "deploy": "firebase deploy --only functions",
    "logs": "firebase functions:log"
  },
  "engines": {
    "node": "16"
  },
  "main": "lib/index.js",
  "dependencies": {
    "firebase-admin": "^10.0.2",
    "firebase-functions": "^3.18.0"
  },
  "devDependencies": {
    "typescript": "^4.5.4",
    "firebase-functions-test": "^0.2.0"
  },
  "private": true
}
[debug] [2024-04-14T14:09:01.134Z] Building nodejs source
[debug] [2024-04-14T14:09:01.134Z] Analyzing nodejs backend spec
[info] i  functions: preparing functions directory for uploading... 
[info] i  functions: packaged /Users/maraquepo/Desktop/sideprojects/red-clone-one/functions (31.93 KB) for uploading 
[debug] [2024-04-14T14:09:01.242Z] >>> [apiv2][query] GET https://cloudfunctions.googleapis.com/v1/projects/forum-9b949/locations/-/functions [none]
[debug] [2024-04-14T14:09:01.808Z] <<< [apiv2][status] GET https://cloudfunctions.googleapis.com/v1/projects/forum-9b949/locations/-/functions 200
[debug] [2024-04-14T14:09:01.808Z] <<< [apiv2][body] GET https://cloudfunctions.googleapis.com/v1/projects/forum-9b949/locations/-/functions {}
[debug] [2024-04-14T14:09:01.811Z] >>> [apiv2][query] GET https://firebase.googleapis.com/v1beta1/projects/forum-9b949 [none]
[debug] [2024-04-14T14:09:01.996Z] <<< [apiv2][status] GET https://firebase.googleapis.com/v1beta1/projects/forum-9b949 200
[debug] [2024-04-14T14:09:01.996Z] <<< [apiv2][body] GET https://firebase.googleapis.com/v1beta1/projects/forum-9b949 {"projectId":"forum-9b949","projectNumber":"177765753804","displayName":"Forum","name":"projects/forum-9b949","resources":{"hostingSite":"forum-9b949"},"state":"ACTIVE","etag":"1_ae9936a0-119c-49dc-96e6-d52d78b0b5af"}
[debug] [2024-04-14T14:09:01.997Z] >>> [apiv2][query] POST https://cloudfunctions.googleapis.com/v1/projects/forum-9b949/locations/us-central1/functions:generateUploadUrl [none]
[debug] [2024-04-14T14:09:01.997Z] >>> [apiv2][body] POST https://cloudfunctions.googleapis.com/v1/projects/forum-9b949/locations/us-central1/functions:generateUploadUrl {}
[debug] [2024-04-14T14:09:02.446Z] <<< [apiv2][status] POST https://cloudfunctions.googleapis.com/v1/projects/forum-9b949/locations/us-central1/functions:generateUploadUrl 200
[debug] [2024-04-14T14:09:02.446Z] <<< [apiv2][body] POST https://cloudfunctions.googleapis.com/v1/projects/forum-9b949/locations/us-central1/functions:generateUploadUrl {"uploadUrl":"https://storage.googleapis.com/uploads-257852764889.us-central1.cloudfunctions.appspot.com/1804d1b5-a865-4581-9c7e-37eeca373db4.zip?GoogleAccessId=service-177765753804@gcf-admin-robot.iam.gserviceaccount.com&Expires=1713105542&Signature=F%2B08Qj60dnmH%2F%2Fyj3M3Sm0SRc0yBatGZMVYWmZqBaY%2Bif2p54yh44J2o9U8liStC3WO5SmFtJB0tAPjLUpijYd0%2FvV7NDxRLqHsLKx2rEjvVzQrANcsvn67L0aKOdq5zCO%2B3IoouHKHUwF4781k4ChN6FL7JUldQMzq%2B2Wqa%2Btc70%2FP9I1JFc3FqLx0e4oJ3Op0sFrXeT4Q0feoY%2BPRMjJfKG10%2FpV12cb4bExfxsaZY51GsMVKxs2ph8kuF6sJGnPzpwT9SR5t8hLrs78eUd2V8uHJP11pdSP73NzkCzIQ5zny6FF9BMvbzNsaIDOVXFeQWOaIZjObXXJRuqowDmQ%3D%3D"}
[debug] [2024-04-14T14:09:02.450Z] >>> [apiv2][query] PUT https://storage.googleapis.com/uploads-257852764889.us-central1.cloudfunctions.appspot.com/1804d1b5-a865-4581-9c7e-37eeca373db4.zip GoogleAccessId=service-177765753804%40gcf-admin-robot.iam.gserviceaccount.com&Expires=1713105542&Signature=F%2B08Qj60dnmH%2F%2Fyj3M3Sm0SRc0yBatGZMVYWmZqBaY%2Bif2p54yh44J2o9U8liStC3WO5SmFtJB0tAPjLUpijYd0%2FvV7NDxRLqHsLKx2rEjvVzQrANcsvn67L0aKOdq5zCO%2B3IoouHKHUwF4781k4ChN6FL7JUldQMzq%2B2Wqa%2Btc70%2FP9I1JFc3FqLx0e4oJ3Op0sFrXeT4Q0feoY%2BPRMjJfKG10%2FpV12cb4bExfxsaZY51GsMVKxs2ph8kuF6sJGnPzpwT9SR5t8hLrs78eUd2V8uHJP11pdSP73NzkCzIQ5zny6FF9BMvbzNsaIDOVXFeQWOaIZjObXXJRuqowDmQ%3D%3D
[debug] [2024-04-14T14:09:02.450Z] >>> [apiv2][body] PUT https://storage.googleapis.com/uploads-257852764889.us-central1.cloudfunctions.appspot.com/1804d1b5-a865-4581-9c7e-37eeca373db4.zip [stream]
[debug] [2024-04-14T14:09:02.735Z] <<< [apiv2][status] PUT https://storage.googleapis.com/uploads-257852764889.us-central1.cloudfunctions.appspot.com/1804d1b5-a865-4581-9c7e-37eeca373db4.zip 200
[debug] [2024-04-14T14:09:02.736Z] <<< [apiv2][body] PUT https://storage.googleapis.com/uploads-257852764889.us-central1.cloudfunctions.appspot.com/1804d1b5-a865-4581-9c7e-37eeca373db4.zip [omitted]
[info] ✔  functions: functions folder uploaded successfully 
[info] i  functions: creating Node.js 16 function createUserDocument(us-central1)... 
[debug] [2024-04-14T14:09:02.741Z] >>> [apiv2][query] POST https://cloudfunctions.googleapis.com/v1/projects/forum-9b949/locations/us-central1/functions [none]
[debug] [2024-04-14T14:09:02.741Z] >>> [apiv2][body] POST https://cloudfunctions.googleapis.com/v1/projects/forum-9b949/locations/us-central1/functions {"name":"projects/forum-9b949/locations/us-central1/functions/createUserDocument","sourceUploadUrl":"https://storage.googleapis.com/uploads-257852764889.us-central1.cloudfunctions.appspot.com/1804d1b5-a865-4581-9c7e-37eeca373db4.zip?GoogleAccessId=service-177765753804@gcf-admin-robot.iam.gserviceaccount.com&Expires=1713105542&Signature=F%2B08Qj60dnmH%2F%2Fyj3M3Sm0SRc0yBatGZMVYWmZqBaY%2Bif2p54yh44J2o9U8liStC3WO5SmFtJB0tAPjLUpijYd0%2FvV7NDxRLqHsLKx2rEjvVzQrANcsvn67L0aKOdq5zCO%2B3IoouHKHUwF4781k4ChN6FL7JUldQMzq%2B2Wqa%2Btc70%2FP9I1JFc3FqLx0e4oJ3Op0sFrXeT4Q0feoY%2BPRMjJfKG10%2FpV12cb4bExfxsaZY51GsMVKxs2ph8kuF6sJGnPzpwT9SR5t8hLrs78eUd2V8uHJP11pdSP73NzkCzIQ5zny6FF9BMvbzNsaIDOVXFeQWOaIZjObXXJRuqowDmQ%3D%3D","entryPoint":"createUserDocument","runtime":"nodejs16","labels":{"deployment-tool":"cli-firebase"},"eventTrigger":{"eventType":"providers/firebase.auth/eventTypes/user.create","resource":"projects/forum-9b949"},"environmentVariables":{"FIREBASE_CONFIG":"{\"projectId\":\"forum-9b949\",\"storageBucket\":\"forum-9b949.appspot.com\"}","GCLOUD_PROJECT":"forum-9b949"}}
[debug] [2024-04-14T14:09:03.347Z] <<< [apiv2][status] POST https://cloudfunctions.googleapis.com/v1/projects/forum-9b949/locations/us-central1/functions 200
[debug] [2024-04-14T14:09:03.348Z] <<< [apiv2][body] POST https://cloudfunctions.googleapis.com/v1/projects/forum-9b949/locations/us-central1/functions {"name":"operations/Zm9ydW0tOWI5NDkvdXMtY2VudHJhbDEvY3JlYXRlVXNlckRvY3VtZW50L3NZMC13U2dfRnRF","metadata":{"@type":"type.googleapis.com/google.cloud.functions.v1.OperationMetadataV1","target":"projects/forum-9b949/locations/us-central1/functions/createUserDocument","type":"CREATE_FUNCTION","request":{"@type":"type.googleapis.com/google.cloud.functions.v1.CloudFunction","name":"projects/forum-9b949/locations/us-central1/functions/createUserDocument","eventTrigger":{"eventType":"providers/firebase.auth/eventTypes/user.create","resource":"projects/forum-9b949"},"entryPoint":"createUserDocument","labels":{"deployment-tool":"cli-firebase"},"sourceUploadUrl":"https://storage.googleapis.com/uploads-257852764889.us-central1.cloudfunctions.appspot.com/1804d1b5-a865-4581-9c7e-37eeca373db4.zip?GoogleAccessId=service-177765753804@gcf-admin-robot.iam.gserviceaccount.com&Expires=1713105542&Signature=F%2B08Qj60dnmH%2F%2Fyj3M3Sm0SRc0yBatGZMVYWmZqBaY%2Bif2p54yh44J2o9U8liStC3WO5SmFtJB0tAPjLUpijYd0%2FvV7NDxRLqHsLKx2rEjvVzQrANcsvn67L0aKOdq5zCO%2B3IoouHKHUwF4781k4ChN6FL7JUldQMzq%2B2Wqa%2Btc70%2FP9I1JFc3FqLx0e4oJ3Op0sFrXeT4Q0feoY%2BPRMjJfKG10%2FpV12cb4bExfxsaZY51GsMVKxs2ph8kuF6sJGnPzpwT9SR5t8hLrs78eUd2V8uHJP11pdSP73NzkCzIQ5zny6FF9BMvbzNsaIDOVXFeQWOaIZjObXXJRuqowDmQ%3D%3D","environmentVariables":{"FIREBASE_CONFIG":"{\"projectId\":\"forum-9b949\",\"storageBucket\":\"forum-9b949.appspot.com\"}","GCLOUD_PROJECT":"forum-9b949"},"runtime":"nodejs16"},"versionId":"1","updateTime":"2024-04-14T14:09:03Z"}}
[debug] [2024-04-14T14:09:03.349Z] >>> [apiv2][query] GET https://cloudfunctions.googleapis.com/v1/operations/Zm9ydW0tOWI5NDkvdXMtY2VudHJhbDEvY3JlYXRlVXNlckRvY3VtZW50L3NZMC13U2dfRnRF [none]
[debug] [2024-04-14T14:09:03.570Z] <<< [apiv2][status] GET https://cloudfunctions.googleapis.com/v1/operations/Zm9ydW0tOWI5NDkvdXMtY2VudHJhbDEvY3JlYXRlVXNlckRvY3VtZW50L3NZMC13U2dfRnRF 200
[debug] [2024-04-14T14:09:03.571Z] <<< [apiv2][body] GET https://cloudfunctions.googleapis.com/v1/operations/Zm9ydW0tOWI5NDkvdXMtY2VudHJhbDEvY3JlYXRlVXNlckRvY3VtZW50L3NZMC13U2dfRnRF {"name":"operations/Zm9ydW0tOWI5NDkvdXMtY2VudHJhbDEvY3JlYXRlVXNlckRvY3VtZW50L3NZMC13U2dfRnRF","metadata":{"@type":"type.googleapis.com/google.cloud.functions.v1.OperationMetadataV1","target":"projects/forum-9b949/locations/us-central1/functions/createUserDocument","type":"CREATE_FUNCTION","request":{"@type":"type.googleapis.com/google.cloud.functions.v1.CloudFunction","name":"projects/forum-9b949/locations/us-central1/functions/createUserDocument","eventTrigger":{"eventType":"providers/firebase.auth/eventTypes/user.create","resource":"projects/forum-9b949"},"entryPoint":"createUserDocument","labels":{"deployment-tool":"cli-firebase"},"sourceUploadUrl":"https://storage.googleapis.com/uploads-257852764889.us-central1.cloudfunctions.appspot.com/1804d1b5-a865-4581-9c7e-37eeca373db4.zip?GoogleAccessId=service-177765753804@gcf-admin-robot.iam.gserviceaccount.com&Expires=1713105542&Signature=F%2B08Qj60dnmH%2F%2Fyj3M3Sm0SRc0yBatGZMVYWmZqBaY%2Bif2p54yh44J2o9U8liStC3WO5SmFtJB0tAPjLUpijYd0%2FvV7NDxRLqHsLKx2rEjvVzQrANcsvn67L0aKOdq5zCO%2B3IoouHKHUwF4781k4ChN6FL7JUldQMzq%2B2Wqa%2Btc70%2FP9I1JFc3FqLx0e4oJ3Op0sFrXeT4Q0feoY%2BPRMjJfKG10%2FpV12cb4bExfxsaZY51GsMVKxs2ph8kuF6sJGnPzpwT9SR5t8hLrs78eUd2V8uHJP11pdSP73NzkCzIQ5zny6FF9BMvbzNsaIDOVXFeQWOaIZjObXXJRuqowDmQ%3D%3D","environmentVariables":{"FIREBASE_CONFIG":"{\"projectId\":\"forum-9b949\",\"storageBucket\":\"forum-9b949.appspot.com\"}","GCLOUD_PROJECT":"forum-9b949"},"runtime":"nodejs16"},"versionId":"1","updateTime":"2024-04-14T14:09:03Z"}}
[debug] [2024-04-14T14:09:04.073Z] [create-default-us-central1-createUserDocument] Retrying task index 0
[debug] [2024-04-14T14:09:04.074Z] >>> [apiv2][query] GET https://cloudfunctions.googleapis.com/v1/operations/Zm9ydW0tOWI5NDkvdXMtY2VudHJhbDEvY3JlYXRlVXNlckRvY3VtZW50L3NZMC13U2dfRnRF [none]
[debug] [2024-04-14T14:09:04.274Z] <<< [apiv2][status] GET https://cloudfunctions.googleapis.com/v1/operations/Zm9ydW0tOWI5NDkvdXMtY2VudHJhbDEvY3JlYXRlVXNlckRvY3VtZW50L3NZMC13U2dfRnRF 200
[debug] [2024-04-14T14:09:04.274Z] <<< [apiv2][body] GET https://cloudfunctions.googleapis.com/v1/operations/Zm9ydW0tOWI5NDkvdXMtY2VudHJhbDEvY3JlYXRlVXNlckRvY3VtZW50L3NZMC13U2dfRnRF {"name":"operations/Zm9ydW0tOWI5NDkvdXMtY2VudHJhbDEvY3JlYXRlVXNlckRvY3VtZW50L3NZMC13U2dfRnRF","metadata":{"@type":"type.googleapis.com/google.cloud.functions.v1.OperationMetadataV1","target":"projects/forum-9b949/locations/us-central1/functions/createUserDocument","type":"CREATE_FUNCTION","request":{"@type":"type.googleapis.com/google.cloud.functions.v1.CloudFunction","name":"projects/forum-9b949/locations/us-central1/functions/createUserDocument","eventTrigger":{"eventType":"providers/firebase.auth/eventTypes/user.create","resource":"projects/forum-9b949"},"entryPoint":"createUserDocument","labels":{"deployment-tool":"cli-firebase"},"sourceUploadUrl":"https://storage.googleapis.com/uploads-257852764889.us-central1.cloudfunctions.appspot.com/1804d1b5-a865-4581-9c7e-37eeca373db4.zip?GoogleAccessId=service-177765753804@gcf-admin-robot.iam.gserviceaccount.com&Expires=1713105542&Signature=F%2B08Qj60dnmH%2F%2Fyj3M3Sm0SRc0yBatGZMVYWmZqBaY%2Bif2p54yh44J2o9U8liStC3WO5SmFtJB0tAPjLUpijYd0%2FvV7NDxRLqHsLKx2rEjvVzQrANcsvn67L0aKOdq5zCO%2B3IoouHKHUwF4781k4ChN6FL7JUldQMzq%2B2Wqa%2Btc70%2FP9I1JFc3FqLx0e4oJ3Op0sFrXeT4Q0feoY%2BPRMjJfKG10%2FpV12cb4bExfxsaZY51GsMVKxs2ph8kuF6sJGnPzpwT9SR5t8hLrs78eUd2V8uHJP11pdSP73NzkCzIQ5zny6FF9BMvbzNsaIDOVXFeQWOaIZjObXXJRuqowDmQ%3D%3D","environmentVariables":{"FIREBASE_CONFIG":"{\"projectId\":\"forum-9b949\",\"storageBucket\":\"forum-9b949.appspot.com\"}","GCLOUD_PROJECT":"forum-9b949"},"runtime":"nodejs16"},"versionId":"1","updateTime":"2024-04-14T14:09:03Z"}}
[debug] [2024-04-14T14:09:05.274Z] [create-default-us-central1-createUserDocument] Retrying task index 0
[debug] [2024-04-14T14:09:05.276Z] >>> [apiv2][query] GET https://cloudfunctions.googleapis.com/v1/operations/Zm9ydW0tOWI5NDkvdXMtY2VudHJhbDEvY3JlYXRlVXNlckRvY3VtZW50L3NZMC13U2dfRnRF [none]
[debug] [2024-04-14T14:09:05.534Z] <<< [apiv2][status] GET https://cloudfunctions.googleapis.com/v1/operations/Zm9ydW0tOWI5NDkvdXMtY2VudHJhbDEvY3JlYXRlVXNlckRvY3VtZW50L3NZMC13U2dfRnRF 200
[debug] [2024-04-14T14:09:05.535Z] <<< [apiv2][body] GET https://cloudfunctions.googleapis.com/v1/operations/Zm9ydW0tOWI5NDkvdXMtY2VudHJhbDEvY3JlYXRlVXNlckRvY3VtZW50L3NZMC13U2dfRnRF {"name":"operations/Zm9ydW0tOWI5NDkvdXMtY2VudHJhbDEvY3JlYXRlVXNlckRvY3VtZW50L3NZMC13U2dfRnRF","metadata":{"@type":"type.googleapis.com/google.cloud.functions.v1.OperationMetadataV1","target":"projects/forum-9b949/locations/us-central1/functions/createUserDocument","type":"CREATE_FUNCTION","request":{"@type":"type.googleapis.com/google.cloud.functions.v1.CloudFunction","name":"projects/forum-9b949/locations/us-central1/functions/createUserDocument","eventTrigger":{"eventType":"providers/firebase.auth/eventTypes/user.create","resource":"projects/forum-9b949"},"entryPoint":"createUserDocument","labels":{"deployment-tool":"cli-firebase"},"sourceUploadUrl":"https://storage.googleapis.com/uploads-257852764889.us-central1.cloudfunctions.appspot.com/1804d1b5-a865-4581-9c7e-37eeca373db4.zip?GoogleAccessId=service-177765753804@gcf-admin-robot.iam.gserviceaccount.com&Expires=1713105542&Signature=F%2B08Qj60dnmH%2F%2Fyj3M3Sm0SRc0yBatGZMVYWmZqBaY%2Bif2p54yh44J2o9U8liStC3WO5SmFtJB0tAPjLUpijYd0%2FvV7NDxRLqHsLKx2rEjvVzQrANcsvn67L0aKOdq5zCO%2B3IoouHKHUwF4781k4ChN6FL7JUldQMzq%2B2Wqa%2Btc70%2FP9I1JFc3FqLx0e4oJ3Op0sFrXeT4Q0feoY%2BPRMjJfKG10%2FpV12cb4bExfxsaZY51GsMVKxs2ph8kuF6sJGnPzpwT9SR5t8hLrs78eUd2V8uHJP11pdSP73NzkCzIQ5zny6FF9BMvbzNsaIDOVXFeQWOaIZjObXXJRuqowDmQ%3D%3D","environmentVariables":{"FIREBASE_CONFIG":"{\"projectId\":\"forum-9b949\",\"storageBucket\":\"forum-9b949.appspot.com\"}","GCLOUD_PROJECT":"forum-9b949"},"runtime":"nodejs16"},"versionId":"1","updateTime":"2024-04-14T14:09:03Z"}}
[debug] [2024-04-14T14:09:07.537Z] [create-default-us-central1-createUserDocument] Retrying task index 0
[debug] [2024-04-14T14:09:07.539Z] >>> [apiv2][query] GET https://cloudfunctions.googleapis.com/v1/operations/Zm9ydW0tOWI5NDkvdXMtY2VudHJhbDEvY3JlYXRlVXNlckRvY3VtZW50L3NZMC13U2dfRnRF [none]
[debug] [2024-04-14T14:09:07.789Z] <<< [apiv2][status] GET https://cloudfunctions.googleapis.com/v1/operations/Zm9ydW0tOWI5NDkvdXMtY2VudHJhbDEvY3JlYXRlVXNlckRvY3VtZW50L3NZMC13U2dfRnRF 200
[debug] [2024-04-14T14:09:07.789Z] <<< [apiv2][body] GET https://cloudfunctions.googleapis.com/v1/operations/Zm9ydW0tOWI5NDkvdXMtY2VudHJhbDEvY3JlYXRlVXNlckRvY3VtZW50L3NZMC13U2dfRnRF {"name":"operations/Zm9ydW0tOWI5NDkvdXMtY2VudHJhbDEvY3JlYXRlVXNlckRvY3VtZW50L3NZMC13U2dfRnRF","metadata":{"@type":"type.googleapis.com/google.cloud.functions.v1.OperationMetadataV1","target":"projects/forum-9b949/locations/us-central1/functions/createUserDocument","type":"CREATE_FUNCTION","request":{"@type":"type.googleapis.com/google.cloud.functions.v1.CloudFunction","name":"projects/forum-9b949/locations/us-central1/functions/createUserDocument","eventTrigger":{"eventType":"providers/firebase.auth/eventTypes/user.create","resource":"projects/forum-9b949"},"entryPoint":"createUserDocument","labels":{"deployment-tool":"cli-firebase"},"sourceUploadUrl":"https://storage.googleapis.com/uploads-257852764889.us-central1.cloudfunctions.appspot.com/1804d1b5-a865-4581-9c7e-37eeca373db4.zip?GoogleAccessId=service-177765753804@gcf-admin-robot.iam.gserviceaccount.com&Expires=1713105542&Signature=F%2B08Qj60dnmH%2F%2Fyj3M3Sm0SRc0yBatGZMVYWmZqBaY%2Bif2p54yh44J2o9U8liStC3WO5SmFtJB0tAPjLUpijYd0%2FvV7NDxRLqHsLKx2rEjvVzQrANcsvn67L0aKOdq5zCO%2B3IoouHKHUwF4781k4ChN6FL7JUldQMzq%2B2Wqa%2Btc70%2FP9I1JFc3FqLx0e4oJ3Op0sFrXeT4Q0feoY%2BPRMjJfKG10%2FpV12cb4bExfxsaZY51GsMVKxs2ph8kuF6sJGnPzpwT9SR5t8hLrs78eUd2V8uHJP11pdSP73NzkCzIQ5zny6FF9BMvbzNsaIDOVXFeQWOaIZjObXXJRuqowDmQ%3D%3D","environmentVariables":{"FIREBASE_CONFIG":"{\"projectId\":\"forum-9b949\",\"storageBucket\":\"forum-9b949.appspot.com\"}","GCLOUD_PROJECT":"forum-9b949"},"runtime":"nodejs16"},"versionId":"1","updateTime":"2024-04-14T14:09:03Z"}}
[debug] [2024-04-14T14:09:11.790Z] [create-default-us-central1-createUserDocument] Retrying task index 0
[debug] [2024-04-14T14:09:11.792Z] >>> [apiv2][query] GET https://cloudfunctions.googleapis.com/v1/operations/Zm9ydW0tOWI5NDkvdXMtY2VudHJhbDEvY3JlYXRlVXNlckRvY3VtZW50L3NZMC13U2dfRnRF [none]
[debug] [2024-04-14T14:09:12.021Z] <<< [apiv2][status] GET https://cloudfunctions.googleapis.com/v1/operations/Zm9ydW0tOWI5NDkvdXMtY2VudHJhbDEvY3JlYXRlVXNlckRvY3VtZW50L3NZMC13U2dfRnRF 200
[debug] [2024-04-14T14:09:12.021Z] <<< [apiv2][body] GET https://cloudfunctions.googleapis.com/v1/operations/Zm9ydW0tOWI5NDkvdXMtY2VudHJhbDEvY3JlYXRlVXNlckRvY3VtZW50L3NZMC13U2dfRnRF {"name":"operations/Zm9ydW0tOWI5NDkvdXMtY2VudHJhbDEvY3JlYXRlVXNlckRvY3VtZW50L3NZMC13U2dfRnRF","metadata":{"@type":"type.googleapis.com/google.cloud.functions.v1.OperationMetadataV1","target":"projects/forum-9b949/locations/us-central1/functions/createUserDocument","type":"CREATE_FUNCTION","request":{"@type":"type.googleapis.com/google.cloud.functions.v1.CloudFunction","name":"projects/forum-9b949/locations/us-central1/functions/createUserDocument","eventTrigger":{"eventType":"providers/firebase.auth/eventTypes/user.create","resource":"projects/forum-9b949"},"entryPoint":"createUserDocument","labels":{"deployment-tool":"cli-firebase"},"sourceUploadUrl":"https://storage.googleapis.com/uploads-257852764889.us-central1.cloudfunctions.appspot.com/1804d1b5-a865-4581-9c7e-37eeca373db4.zip?GoogleAccessId=service-177765753804@gcf-admin-robot.iam.gserviceaccount.com&Expires=1713105542&Signature=F%2B08Qj60dnmH%2F%2Fyj3M3Sm0SRc0yBatGZMVYWmZqBaY%2Bif2p54yh44J2o9U8liStC3WO5SmFtJB0tAPjLUpijYd0%2FvV7NDxRLqHsLKx2rEjvVzQrANcsvn67L0aKOdq5zCO%2B3IoouHKHUwF4781k4ChN6FL7JUldQMzq%2B2Wqa%2Btc70%2FP9I1JFc3FqLx0e4oJ3Op0sFrXeT4Q0feoY%2BPRMjJfKG10%2FpV12cb4bExfxsaZY51GsMVKxs2ph8kuF6sJGnPzpwT9SR5t8hLrs78eUd2V8uHJP11pdSP73NzkCzIQ5zny6FF9BMvbzNsaIDOVXFeQWOaIZjObXXJRuqowDmQ%3D%3D","environmentVariables":{"FIREBASE_CONFIG":"{\"projectId\":\"forum-9b949\",\"storageBucket\":\"forum-9b949.appspot.com\"}","GCLOUD_PROJECT":"forum-9b949"},"runtime":"nodejs16"},"versionId":"1","updateTime":"2024-04-14T14:09:03Z"}}
[debug] [2024-04-14T14:09:20.021Z] [create-default-us-central1-createUserDocument] Retrying task index 0
[debug] [2024-04-14T14:09:20.021Z] >>> [apiv2][query] GET https://cloudfunctions.googleapis.com/v1/operations/Zm9ydW0tOWI5NDkvdXMtY2VudHJhbDEvY3JlYXRlVXNlckRvY3VtZW50L3NZMC13U2dfRnRF [none]
[debug] [2024-04-14T14:09:20.327Z] <<< [apiv2][status] GET https://cloudfunctions.googleapis.com/v1/operations/Zm9ydW0tOWI5NDkvdXMtY2VudHJhbDEvY3JlYXRlVXNlckRvY3VtZW50L3NZMC13U2dfRnRF 200
[debug] [2024-04-14T14:09:20.327Z] <<< [apiv2][body] GET https://cloudfunctions.googleapis.com/v1/operations/Zm9ydW0tOWI5NDkvdXMtY2VudHJhbDEvY3JlYXRlVXNlckRvY3VtZW50L3NZMC13U2dfRnRF {"name":"operations/Zm9ydW0tOWI5NDkvdXMtY2VudHJhbDEvY3JlYXRlVXNlckRvY3VtZW50L3NZMC13U2dfRnRF","metadata":{"@type":"type.googleapis.com/google.cloud.functions.v1.OperationMetadataV1","target":"projects/forum-9b949/locations/us-central1/functions/createUserDocument","type":"CREATE_FUNCTION","request":{"@type":"type.googleapis.com/google.cloud.functions.v1.CloudFunction","name":"projects/forum-9b949/locations/us-central1/functions/createUserDocument","eventTrigger":{"eventType":"providers/firebase.auth/eventTypes/user.create","resource":"projects/forum-9b949"},"entryPoint":"createUserDocument","labels":{"deployment-tool":"cli-firebase"},"sourceUploadUrl":"https://storage.googleapis.com/uploads-257852764889.us-central1.cloudfunctions.appspot.com/1804d1b5-a865-4581-9c7e-37eeca373db4.zip?GoogleAccessId=service-177765753804@gcf-admin-robot.iam.gserviceaccount.com&Expires=1713105542&Signature=F%2B08Qj60dnmH%2F%2Fyj3M3Sm0SRc0yBatGZMVYWmZqBaY%2Bif2p54yh44J2o9U8liStC3WO5SmFtJB0tAPjLUpijYd0%2FvV7NDxRLqHsLKx2rEjvVzQrANcsvn67L0aKOdq5zCO%2B3IoouHKHUwF4781k4ChN6FL7JUldQMzq%2B2Wqa%2Btc70%2FP9I1JFc3FqLx0e4oJ3Op0sFrXeT4Q0feoY%2BPRMjJfKG10%2FpV12cb4bExfxsaZY51GsMVKxs2ph8kuF6sJGnPzpwT9SR5t8hLrs78eUd2V8uHJP11pdSP73NzkCzIQ5zny6FF9BMvbzNsaIDOVXFeQWOaIZjObXXJRuqowDmQ%3D%3D","environmentVariables":{"FIREBASE_CONFIG":"{\"projectId\":\"forum-9b949\",\"storageBucket\":\"forum-9b949.appspot.com\"}","GCLOUD_PROJECT":"forum-9b949"},"runtime":"nodejs16"},"versionId":"1","updateTime":"2024-04-14T14:09:03Z","buildId":"692872e0-dc6f-495d-875e-be7257edff3c","buildName":"projects/177765753804/locations/us-central1/builds/692872e0-dc6f-495d-875e-be7257edff3c"}}
[debug] [2024-04-14T14:09:30.328Z] [create-default-us-central1-createUserDocument] Retrying task index 0
[debug] [2024-04-14T14:09:30.329Z] >>> [apiv2][query] GET https://cloudfunctions.googleapis.com/v1/operations/Zm9ydW0tOWI5NDkvdXMtY2VudHJhbDEvY3JlYXRlVXNlckRvY3VtZW50L3NZMC13U2dfRnRF [none]
[debug] [2024-04-14T14:09:30.538Z] <<< [apiv2][status] GET https://cloudfunctions.googleapis.com/v1/operations/Zm9ydW0tOWI5NDkvdXMtY2VudHJhbDEvY3JlYXRlVXNlckRvY3VtZW50L3NZMC13U2dfRnRF 200
[debug] [2024-04-14T14:09:30.540Z] <<< [apiv2][body] GET https://cloudfunctions.googleapis.com/v1/operations/Zm9ydW0tOWI5NDkvdXMtY2VudHJhbDEvY3JlYXRlVXNlckRvY3VtZW50L3NZMC13U2dfRnRF {"name":"operations/Zm9ydW0tOWI5NDkvdXMtY2VudHJhbDEvY3JlYXRlVXNlckRvY3VtZW50L3NZMC13U2dfRnRF","metadata":{"@type":"type.googleapis.com/google.cloud.functions.v1.OperationMetadataV1","target":"projects/forum-9b949/locations/us-central1/functions/createUserDocument","type":"CREATE_FUNCTION","request":{"@type":"type.googleapis.com/google.cloud.functions.v1.CloudFunction","name":"projects/forum-9b949/locations/us-central1/functions/createUserDocument","eventTrigger":{"eventType":"providers/firebase.auth/eventTypes/user.create","resource":"projects/forum-9b949"},"entryPoint":"createUserDocument","labels":{"deployment-tool":"cli-firebase"},"sourceUploadUrl":"https://storage.googleapis.com/uploads-257852764889.us-central1.cloudfunctions.appspot.com/1804d1b5-a865-4581-9c7e-37eeca373db4.zip?GoogleAccessId=service-177765753804@gcf-admin-robot.iam.gserviceaccount.com&Expires=1713105542&Signature=F%2B08Qj60dnmH%2F%2Fyj3M3Sm0SRc0yBatGZMVYWmZqBaY%2Bif2p54yh44J2o9U8liStC3WO5SmFtJB0tAPjLUpijYd0%2FvV7NDxRLqHsLKx2rEjvVzQrANcsvn67L0aKOdq5zCO%2B3IoouHKHUwF4781k4ChN6FL7JUldQMzq%2B2Wqa%2Btc70%2FP9I1JFc3FqLx0e4oJ3Op0sFrXeT4Q0feoY%2BPRMjJfKG10%2FpV12cb4bExfxsaZY51GsMVKxs2ph8kuF6sJGnPzpwT9SR5t8hLrs78eUd2V8uHJP11pdSP73NzkCzIQ5zny6FF9BMvbzNsaIDOVXFeQWOaIZjObXXJRuqowDmQ%3D%3D","environmentVariables":{"FIREBASE_CONFIG":"{\"projectId\":\"forum-9b949\",\"storageBucket\":\"forum-9b949.appspot.com\"}","GCLOUD_PROJECT":"forum-9b949"},"runtime":"nodejs16"},"versionId":"1","updateTime":"2024-04-14T14:09:03Z","buildId":"692872e0-dc6f-495d-875e-be7257edff3c","buildName":"projects/177765753804/locations/us-central1/builds/692872e0-dc6f-495d-875e-be7257edff3c"}}
[debug] [2024-04-14T14:09:40.541Z] [create-default-us-central1-createUserDocument] Retrying task index 0
[debug] [2024-04-14T14:09:40.542Z] >>> [apiv2][query] GET https://cloudfunctions.googleapis.com/v1/operations/Zm9ydW0tOWI5NDkvdXMtY2VudHJhbDEvY3JlYXRlVXNlckRvY3VtZW50L3NZMC13U2dfRnRF [none]
[debug] [2024-04-14T14:09:40.721Z] <<< [apiv2][status] GET https://cloudfunctions.googleapis.com/v1/operations/Zm9ydW0tOWI5NDkvdXMtY2VudHJhbDEvY3JlYXRlVXNlckRvY3VtZW50L3NZMC13U2dfRnRF 200
[debug] [2024-04-14T14:09:40.721Z] <<< [apiv2][body] GET https://cloudfunctions.googleapis.com/v1/operations/Zm9ydW0tOWI5NDkvdXMtY2VudHJhbDEvY3JlYXRlVXNlckRvY3VtZW50L3NZMC13U2dfRnRF {"name":"operations/Zm9ydW0tOWI5NDkvdXMtY2VudHJhbDEvY3JlYXRlVXNlckRvY3VtZW50L3NZMC13U2dfRnRF","metadata":{"@type":"type.googleapis.com/google.cloud.functions.v1.OperationMetadataV1","target":"projects/forum-9b949/locations/us-central1/functions/createUserDocument","type":"CREATE_FUNCTION","request":{"@type":"type.googleapis.com/google.cloud.functions.v1.CloudFunction","name":"projects/forum-9b949/locations/us-central1/functions/createUserDocument","eventTrigger":{"eventType":"providers/firebase.auth/eventTypes/user.create","resource":"projects/forum-9b949"},"entryPoint":"createUserDocument","labels":{"deployment-tool":"cli-firebase"},"sourceUploadUrl":"https://storage.googleapis.com/uploads-257852764889.us-central1.cloudfunctions.appspot.com/1804d1b5-a865-4581-9c7e-37eeca373db4.zip?GoogleAccessId=service-177765753804@gcf-admin-robot.iam.gserviceaccount.com&Expires=1713105542&Signature=F%2B08Qj60dnmH%2F%2Fyj3M3Sm0SRc0yBatGZMVYWmZqBaY%2Bif2p54yh44J2o9U8liStC3WO5SmFtJB0tAPjLUpijYd0%2FvV7NDxRLqHsLKx2rEjvVzQrANcsvn67L0aKOdq5zCO%2B3IoouHKHUwF4781k4ChN6FL7JUldQMzq%2B2Wqa%2Btc70%2FP9I1JFc3FqLx0e4oJ3Op0sFrXeT4Q0feoY%2BPRMjJfKG10%2FpV12cb4bExfxsaZY51GsMVKxs2ph8kuF6sJGnPzpwT9SR5t8hLrs78eUd2V8uHJP11pdSP73NzkCzIQ5zny6FF9BMvbzNsaIDOVXFeQWOaIZjObXXJRuqowDmQ%3D%3D","environmentVariables":{"FIREBASE_CONFIG":"{\"projectId\":\"forum-9b949\",\"storageBucket\":\"forum-9b949.appspot.com\"}","GCLOUD_PROJECT":"forum-9b949"},"runtime":"nodejs16"},"versionId":"1","updateTime":"2024-04-14T14:09:03Z","buildId":"692872e0-dc6f-495d-875e-be7257edff3c","buildName":"projects/177765753804/locations/us-central1/builds/692872e0-dc6f-495d-875e-be7257edff3c"}}
[debug] [2024-04-14T14:09:50.722Z] [create-default-us-central1-createUserDocument] Retrying task index 0
[debug] [2024-04-14T14:09:50.725Z] >>> [apiv2][query] GET https://cloudfunctions.googleapis.com/v1/operations/Zm9ydW0tOWI5NDkvdXMtY2VudHJhbDEvY3JlYXRlVXNlckRvY3VtZW50L3NZMC13U2dfRnRF [none]
[debug] [2024-04-14T14:09:50.883Z] <<< [apiv2][status] GET https://cloudfunctions.googleapis.com/v1/operations/Zm9ydW0tOWI5NDkvdXMtY2VudHJhbDEvY3JlYXRlVXNlckRvY3VtZW50L3NZMC13U2dfRnRF 200
[debug] [2024-04-14T14:09:50.883Z] <<< [apiv2][body] GET https://cloudfunctions.googleapis.com/v1/operations/Zm9ydW0tOWI5NDkvdXMtY2VudHJhbDEvY3JlYXRlVXNlckRvY3VtZW50L3NZMC13U2dfRnRF {"name":"operations/Zm9ydW0tOWI5NDkvdXMtY2VudHJhbDEvY3JlYXRlVXNlckRvY3VtZW50L3NZMC13U2dfRnRF","metadata":{"@type":"type.googleapis.com/google.cloud.functions.v1.OperationMetadataV1","target":"projects/forum-9b949/locations/us-central1/functions/createUserDocument","type":"CREATE_FUNCTION","request":{"@type":"type.googleapis.com/google.cloud.functions.v1.CloudFunction","name":"projects/forum-9b949/locations/us-central1/functions/createUserDocument","eventTrigger":{"eventType":"providers/firebase.auth/eventTypes/user.create","resource":"projects/forum-9b949"},"entryPoint":"createUserDocument","labels":{"deployment-tool":"cli-firebase"},"sourceUploadUrl":"https://storage.googleapis.com/uploads-257852764889.us-central1.cloudfunctions.appspot.com/1804d1b5-a865-4581-9c7e-37eeca373db4.zip?GoogleAccessId=service-177765753804@gcf-admin-robot.iam.gserviceaccount.com&Expires=1713105542&Signature=F%2B08Qj60dnmH%2F%2Fyj3M3Sm0SRc0yBatGZMVYWmZqBaY%2Bif2p54yh44J2o9U8liStC3WO5SmFtJB0tAPjLUpijYd0%2FvV7NDxRLqHsLKx2rEjvVzQrANcsvn67L0aKOdq5zCO%2B3IoouHKHUwF4781k4ChN6FL7JUldQMzq%2B2Wqa%2Btc70%2FP9I1JFc3FqLx0e4oJ3Op0sFrXeT4Q0feoY%2BPRMjJfKG10%2FpV12cb4bExfxsaZY51GsMVKxs2ph8kuF6sJGnPzpwT9SR5t8hLrs78eUd2V8uHJP11pdSP73NzkCzIQ5zny6FF9BMvbzNsaIDOVXFeQWOaIZjObXXJRuqowDmQ%3D%3D","environmentVariables":{"FIREBASE_CONFIG":"{\"projectId\":\"forum-9b949\",\"storageBucket\":\"forum-9b949.appspot.com\"}","GCLOUD_PROJECT":"forum-9b949"},"runtime":"nodejs16"},"versionId":"1","updateTime":"2024-04-14T14:09:03Z","buildId":"692872e0-dc6f-495d-875e-be7257edff3c","buildName":"projects/177765753804/locations/us-central1/builds/692872e0-dc6f-495d-875e-be7257edff3c"}}
[debug] [2024-04-14T14:10:00.885Z] [create-default-us-central1-createUserDocument] Retrying task index 0
[debug] [2024-04-14T14:10:00.885Z] >>> [apiv2][query] GET https://cloudfunctions.googleapis.com/v1/operations/Zm9ydW0tOWI5NDkvdXMtY2VudHJhbDEvY3JlYXRlVXNlckRvY3VtZW50L3NZMC13U2dfRnRF [none]
[debug] [2024-04-14T14:10:01.079Z] <<< [apiv2][status] GET https://cloudfunctions.googleapis.com/v1/operations/Zm9ydW0tOWI5NDkvdXMtY2VudHJhbDEvY3JlYXRlVXNlckRvY3VtZW50L3NZMC13U2dfRnRF 200
[debug] [2024-04-14T14:10:01.080Z] <<< [apiv2][body] GET https://cloudfunctions.googleapis.com/v1/operations/Zm9ydW0tOWI5NDkvdXMtY2VudHJhbDEvY3JlYXRlVXNlckRvY3VtZW50L3NZMC13U2dfRnRF {"name":"operations/Zm9ydW0tOWI5NDkvdXMtY2VudHJhbDEvY3JlYXRlVXNlckRvY3VtZW50L3NZMC13U2dfRnRF","metadata":{"@type":"type.googleapis.com/google.cloud.functions.v1.OperationMetadataV1","target":"projects/forum-9b949/locations/us-central1/functions/createUserDocument","type":"CREATE_FUNCTION","request":{"@type":"type.googleapis.com/google.cloud.functions.v1.CloudFunction","name":"projects/forum-9b949/locations/us-central1/functions/createUserDocument","eventTrigger":{"eventType":"providers/firebase.auth/eventTypes/user.create","resource":"projects/forum-9b949"},"entryPoint":"createUserDocument","labels":{"deployment-tool":"cli-firebase"},"sourceUploadUrl":"https://storage.googleapis.com/uploads-257852764889.us-central1.cloudfunctions.appspot.com/1804d1b5-a865-4581-9c7e-37eeca373db4.zip?GoogleAccessId=service-177765753804@gcf-admin-robot.iam.gserviceaccount.com&Expires=1713105542&Signature=F%2B08Qj60dnmH%2F%2Fyj3M3Sm0SRc0yBatGZMVYWmZqBaY%2Bif2p54yh44J2o9U8liStC3WO5SmFtJB0tAPjLUpijYd0%2FvV7NDxRLqHsLKx2rEjvVzQrANcsvn67L0aKOdq5zCO%2B3IoouHKHUwF4781k4ChN6FL7JUldQMzq%2B2Wqa%2Btc70%2FP9I1JFc3FqLx0e4oJ3Op0sFrXeT4Q0feoY%2BPRMjJfKG10%2FpV12cb4bExfxsaZY51GsMVKxs2ph8kuF6sJGnPzpwT9SR5t8hLrs78eUd2V8uHJP11pdSP73NzkCzIQ5zny6FF9BMvbzNsaIDOVXFeQWOaIZjObXXJRuqowDmQ%3D%3D","environmentVariables":{"FIREBASE_CONFIG":"{\"projectId\":\"forum-9b949\",\"storageBucket\":\"forum-9b949.appspot.com\"}","GCLOUD_PROJECT":"forum-9b949"},"runtime":"nodejs16"},"versionId":"1","updateTime":"2024-04-14T14:09:03Z","buildId":"692872e0-dc6f-495d-875e-be7257edff3c","buildName":"projects/177765753804/locations/us-central1/builds/692872e0-dc6f-495d-875e-be7257edff3c"}}
[debug] [2024-04-14T14:10:11.082Z] [create-default-us-central1-createUserDocument] Retrying task index 0
[debug] [2024-04-14T14:10:11.085Z] >>> [apiv2][query] GET https://cloudfunctions.googleapis.com/v1/operations/Zm9ydW0tOWI5NDkvdXMtY2VudHJhbDEvY3JlYXRlVXNlckRvY3VtZW50L3NZMC13U2dfRnRF [none]
[debug] [2024-04-14T14:10:11.335Z] <<< [apiv2][status] GET https://cloudfunctions.googleapis.com/v1/operations/Zm9ydW0tOWI5NDkvdXMtY2VudHJhbDEvY3JlYXRlVXNlckRvY3VtZW50L3NZMC13U2dfRnRF 200
[debug] [2024-04-14T14:10:11.335Z] <<< [apiv2][body] GET https://cloudfunctions.googleapis.com/v1/operations/Zm9ydW0tOWI5NDkvdXMtY2VudHJhbDEvY3JlYXRlVXNlckRvY3VtZW50L3NZMC13U2dfRnRF {"name":"operations/Zm9ydW0tOWI5NDkvdXMtY2VudHJhbDEvY3JlYXRlVXNlckRvY3VtZW50L3NZMC13U2dfRnRF","metadata":{"@type":"type.googleapis.com/google.cloud.functions.v1.OperationMetadataV1","target":"projects/forum-9b949/locations/us-central1/functions/createUserDocument","type":"CREATE_FUNCTION","request":{"@type":"type.googleapis.com/google.cloud.functions.v1.CloudFunction","name":"projects/forum-9b949/locations/us-central1/functions/createUserDocument","eventTrigger":{"eventType":"providers/firebase.auth/eventTypes/user.create","resource":"projects/forum-9b949"},"entryPoint":"createUserDocument","labels":{"deployment-tool":"cli-firebase"},"sourceUploadUrl":"https://storage.googleapis.com/uploads-257852764889.us-central1.cloudfunctions.appspot.com/1804d1b5-a865-4581-9c7e-37eeca373db4.zip?GoogleAccessId=service-177765753804@gcf-admin-robot.iam.gserviceaccount.com&Expires=1713105542&Signature=F%2B08Qj60dnmH%2F%2Fyj3M3Sm0SRc0yBatGZMVYWmZqBaY%2Bif2p54yh44J2o9U8liStC3WO5SmFtJB0tAPjLUpijYd0%2FvV7NDxRLqHsLKx2rEjvVzQrANcsvn67L0aKOdq5zCO%2B3IoouHKHUwF4781k4ChN6FL7JUldQMzq%2B2Wqa%2Btc70%2FP9I1JFc3FqLx0e4oJ3Op0sFrXeT4Q0feoY%2BPRMjJfKG10%2FpV12cb4bExfxsaZY51GsMVKxs2ph8kuF6sJGnPzpwT9SR5t8hLrs78eUd2V8uHJP11pdSP73NzkCzIQ5zny6FF9BMvbzNsaIDOVXFeQWOaIZjObXXJRuqowDmQ%3D%3D","environmentVariables":{"FIREBASE_CONFIG":"{\"projectId\":\"forum-9b949\",\"storageBucket\":\"forum-9b949.appspot.com\"}","GCLOUD_PROJECT":"forum-9b949"},"runtime":"nodejs16"},"versionId":"1","updateTime":"2024-04-14T14:09:03Z","buildId":"692872e0-dc6f-495d-875e-be7257edff3c","buildName":"projects/177765753804/locations/us-central1/builds/692872e0-dc6f-495d-875e-be7257edff3c"}}
[debug] [2024-04-14T14:10:21.338Z] [create-default-us-central1-createUserDocument] Retrying task index 0
[debug] [2024-04-14T14:10:21.343Z] >>> [apiv2][query] GET https://cloudfunctions.googleapis.com/v1/operations/Zm9ydW0tOWI5NDkvdXMtY2VudHJhbDEvY3JlYXRlVXNlckRvY3VtZW50L3NZMC13U2dfRnRF [none]
[debug] [2024-04-14T14:10:21.561Z] <<< [apiv2][status] GET https://cloudfunctions.googleapis.com/v1/operations/Zm9ydW0tOWI5NDkvdXMtY2VudHJhbDEvY3JlYXRlVXNlckRvY3VtZW50L3NZMC13U2dfRnRF 200
[debug] [2024-04-14T14:10:21.561Z] <<< [apiv2][body] GET https://cloudfunctions.googleapis.com/v1/operations/Zm9ydW0tOWI5NDkvdXMtY2VudHJhbDEvY3JlYXRlVXNlckRvY3VtZW50L3NZMC13U2dfRnRF {"name":"operations/Zm9ydW0tOWI5NDkvdXMtY2VudHJhbDEvY3JlYXRlVXNlckRvY3VtZW50L3NZMC13U2dfRnRF","metadata":{"@type":"type.googleapis.com/google.cloud.functions.v1.OperationMetadataV1","target":"projects/forum-9b949/locations/us-central1/functions/createUserDocument","type":"CREATE_FUNCTION","request":{"@type":"type.googleapis.com/google.cloud.functions.v1.CloudFunction","name":"projects/forum-9b949/locations/us-central1/functions/createUserDocument","eventTrigger":{"eventType":"providers/firebase.auth/eventTypes/user.create","resource":"projects/forum-9b949"},"entryPoint":"createUserDocument","labels":{"deployment-tool":"cli-firebase"},"sourceUploadUrl":"https://storage.googleapis.com/uploads-257852764889.us-central1.cloudfunctions.appspot.com/1804d1b5-a865-4581-9c7e-37eeca373db4.zip?GoogleAccessId=service-177765753804@gcf-admin-robot.iam.gserviceaccount.com&Expires=1713105542&Signature=F%2B08Qj60dnmH%2F%2Fyj3M3Sm0SRc0yBatGZMVYWmZqBaY%2Bif2p54yh44J2o9U8liStC3WO5SmFtJB0tAPjLUpijYd0%2FvV7NDxRLqHsLKx2rEjvVzQrANcsvn67L0aKOdq5zCO%2B3IoouHKHUwF4781k4ChN6FL7JUldQMzq%2B2Wqa%2Btc70%2FP9I1JFc3FqLx0e4oJ3Op0sFrXeT4Q0feoY%2BPRMjJfKG10%2FpV12cb4bExfxsaZY51GsMVKxs2ph8kuF6sJGnPzpwT9SR5t8hLrs78eUd2V8uHJP11pdSP73NzkCzIQ5zny6FF9BMvbzNsaIDOVXFeQWOaIZjObXXJRuqowDmQ%3D%3D","environmentVariables":{"FIREBASE_CONFIG":"{\"projectId\":\"forum-9b949\",\"storageBucket\":\"forum-9b949.appspot.com\"}","GCLOUD_PROJECT":"forum-9b949"},"runtime":"nodejs16"},"versionId":"1","updateTime":"2024-04-14T14:09:03Z","buildId":"692872e0-dc6f-495d-875e-be7257edff3c","sourceToken":"f70333df-bf14-439b-8510-5f1fa65efec8","buildName":"projects/177765753804/locations/us-central1/builds/692872e0-dc6f-495d-875e-be7257edff3c"}}
[debug] [2024-04-14T14:10:21.561Z] Got source token f70333df-bf14-439b-8510-5f1fa65efec8 for region us-central1
[debug] [2024-04-14T14:10:31.562Z] [create-default-us-central1-createUserDocument] Retrying task index 0
[debug] [2024-04-14T14:10:31.563Z] >>> [apiv2][query] GET https://cloudfunctions.googleapis.com/v1/operations/Zm9ydW0tOWI5NDkvdXMtY2VudHJhbDEvY3JlYXRlVXNlckRvY3VtZW50L3NZMC13U2dfRnRF [none]
[debug] [2024-04-14T14:10:31.747Z] <<< [apiv2][status] GET https://cloudfunctions.googleapis.com/v1/operations/Zm9ydW0tOWI5NDkvdXMtY2VudHJhbDEvY3JlYXRlVXNlckRvY3VtZW50L3NZMC13U2dfRnRF 200
[debug] [2024-04-14T14:10:31.748Z] <<< [apiv2][body] GET https://cloudfunctions.googleapis.com/v1/operations/Zm9ydW0tOWI5NDkvdXMtY2VudHJhbDEvY3JlYXRlVXNlckRvY3VtZW50L3NZMC13U2dfRnRF {"name":"operations/Zm9ydW0tOWI5NDkvdXMtY2VudHJhbDEvY3JlYXRlVXNlckRvY3VtZW50L3NZMC13U2dfRnRF","metadata":{"@type":"type.googleapis.com/google.cloud.functions.v1.OperationMetadataV1","target":"projects/forum-9b949/locations/us-central1/functions/createUserDocument","type":"CREATE_FUNCTION","request":{"@type":"type.googleapis.com/google.cloud.functions.v1.CloudFunction","name":"projects/forum-9b949/locations/us-central1/functions/createUserDocument","eventTrigger":{"eventType":"providers/firebase.auth/eventTypes/user.create","resource":"projects/forum-9b949"},"entryPoint":"createUserDocument","labels":{"deployment-tool":"cli-firebase"},"sourceUploadUrl":"https://storage.googleapis.com/uploads-257852764889.us-central1.cloudfunctions.appspot.com/1804d1b5-a865-4581-9c7e-37eeca373db4.zip?GoogleAccessId=service-177765753804@gcf-admin-robot.iam.gserviceaccount.com&Expires=1713105542&Signature=F%2B08Qj60dnmH%2F%2Fyj3M3Sm0SRc0yBatGZMVYWmZqBaY%2Bif2p54yh44J2o9U8liStC3WO5SmFtJB0tAPjLUpijYd0%2FvV7NDxRLqHsLKx2rEjvVzQrANcsvn67L0aKOdq5zCO%2B3IoouHKHUwF4781k4ChN6FL7JUldQMzq%2B2Wqa%2Btc70%2FP9I1JFc3FqLx0e4oJ3Op0sFrXeT4Q0feoY%2BPRMjJfKG10%2FpV12cb4bExfxsaZY51GsMVKxs2ph8kuF6sJGnPzpwT9SR5t8hLrs78eUd2V8uHJP11pdSP73NzkCzIQ5zny6FF9BMvbzNsaIDOVXFeQWOaIZjObXXJRuqowDmQ%3D%3D","environmentVariables":{"FIREBASE_CONFIG":"{\"projectId\":\"forum-9b949\",\"storageBucket\":\"forum-9b949.appspot.com\"}","GCLOUD_PROJECT":"forum-9b949"},"runtime":"nodejs16"},"versionId":"1","updateTime":"2024-04-14T14:09:03Z","buildId":"692872e0-dc6f-495d-875e-be7257edff3c","sourceToken":"f70333df-bf14-439b-8510-5f1fa65efec8","buildName":"projects/177765753804/locations/us-central1/builds/692872e0-dc6f-495d-875e-be7257edff3c"}}
[debug] [2024-04-14T14:10:31.749Z] Got source token f70333df-bf14-439b-8510-5f1fa65efec8 for region us-central1
[debug] [2024-04-14T14:10:41.753Z] [create-default-us-central1-createUserDocument] Retrying task index 0
[debug] [2024-04-14T14:10:41.753Z] >>> [apiv2][query] GET https://cloudfunctions.googleapis.com/v1/operations/Zm9ydW0tOWI5NDkvdXMtY2VudHJhbDEvY3JlYXRlVXNlckRvY3VtZW50L3NZMC13U2dfRnRF [none]
[debug] [2024-04-14T14:10:41.950Z] <<< [apiv2][status] GET https://cloudfunctions.googleapis.com/v1/operations/Zm9ydW0tOWI5NDkvdXMtY2VudHJhbDEvY3JlYXRlVXNlckRvY3VtZW50L3NZMC13U2dfRnRF 200
[debug] [2024-04-14T14:10:41.950Z] <<< [apiv2][body] GET https://cloudfunctions.googleapis.com/v1/operations/Zm9ydW0tOWI5NDkvdXMtY2VudHJhbDEvY3JlYXRlVXNlckRvY3VtZW50L3NZMC13U2dfRnRF {"name":"operations/Zm9ydW0tOWI5NDkvdXMtY2VudHJhbDEvY3JlYXRlVXNlckRvY3VtZW50L3NZMC13U2dfRnRF","metadata":{"@type":"type.googleapis.com/google.cloud.functions.v1.OperationMetadataV1","target":"projects/forum-9b949/locations/us-central1/functions/createUserDocument","type":"CREATE_FUNCTION","request":{"@type":"type.googleapis.com/google.cloud.functions.v1.CloudFunction","name":"projects/forum-9b949/locations/us-central1/functions/createUserDocument","eventTrigger":{"eventType":"providers/firebase.auth/eventTypes/user.create","resource":"projects/forum-9b949"},"entryPoint":"createUserDocument","labels":{"deployment-tool":"cli-firebase"},"sourceUploadUrl":"https://storage.googleapis.com/uploads-257852764889.us-central1.cloudfunctions.appspot.com/1804d1b5-a865-4581-9c7e-37eeca373db4.zip?GoogleAccessId=service-177765753804@gcf-admin-robot.iam.gserviceaccount.com&Expires=1713105542&Signature=F%2B08Qj60dnmH%2F%2Fyj3M3Sm0SRc0yBatGZMVYWmZqBaY%2Bif2p54yh44J2o9U8liStC3WO5SmFtJB0tAPjLUpijYd0%2FvV7NDxRLqHsLKx2rEjvVzQrANcsvn67L0aKOdq5zCO%2B3IoouHKHUwF4781k4ChN6FL7JUldQMzq%2B2Wqa%2Btc70%2FP9I1JFc3FqLx0e4oJ3Op0sFrXeT4Q0feoY%2BPRMjJfKG10%2FpV12cb4bExfxsaZY51GsMVKxs2ph8kuF6sJGnPzpwT9SR5t8hLrs78eUd2V8uHJP11pdSP73NzkCzIQ5zny6FF9BMvbzNsaIDOVXFeQWOaIZjObXXJRuqowDmQ%3D%3D","environmentVariables":{"FIREBASE_CONFIG":"{\"projectId\":\"forum-9b949\",\"storageBucket\":\"forum-9b949.appspot.com\"}","GCLOUD_PROJECT":"forum-9b949"},"runtime":"nodejs16"},"versionId":"1","updateTime":"2024-04-14T14:09:03Z","buildId":"692872e0-dc6f-495d-875e-be7257edff3c","sourceToken":"f70333df-bf14-439b-8510-5f1fa65efec8","buildName":"projects/177765753804/locations/us-central1/builds/692872e0-dc6f-495d-875e-be7257edff3c"}}
[debug] [2024-04-14T14:10:41.950Z] Got source token f70333df-bf14-439b-8510-5f1fa65efec8 for region us-central1
[debug] [2024-04-14T14:10:51.953Z] [create-default-us-central1-createUserDocument] Retrying task index 0
[debug] [2024-04-14T14:10:51.958Z] >>> [apiv2][query] GET https://cloudfunctions.googleapis.com/v1/operations/Zm9ydW0tOWI5NDkvdXMtY2VudHJhbDEvY3JlYXRlVXNlckRvY3VtZW50L3NZMC13U2dfRnRF [none]
[debug] [2024-04-14T14:10:52.216Z] <<< [apiv2][status] GET https://cloudfunctions.googleapis.com/v1/operations/Zm9ydW0tOWI5NDkvdXMtY2VudHJhbDEvY3JlYXRlVXNlckRvY3VtZW50L3NZMC13U2dfRnRF 200
[debug] [2024-04-14T14:10:52.216Z] <<< [apiv2][body] GET https://cloudfunctions.googleapis.com/v1/operations/Zm9ydW0tOWI5NDkvdXMtY2VudHJhbDEvY3JlYXRlVXNlckRvY3VtZW50L3NZMC13U2dfRnRF {"name":"operations/Zm9ydW0tOWI5NDkvdXMtY2VudHJhbDEvY3JlYXRlVXNlckRvY3VtZW50L3NZMC13U2dfRnRF","metadata":{"@type":"type.googleapis.com/google.cloud.functions.v1.OperationMetadataV1","target":"projects/forum-9b949/locations/us-central1/functions/createUserDocument","type":"CREATE_FUNCTION","request":{"@type":"type.googleapis.com/google.cloud.functions.v1.CloudFunction","name":"projects/forum-9b949/locations/us-central1/functions/createUserDocument","eventTrigger":{"eventType":"providers/firebase.auth/eventTypes/user.create","resource":"projects/forum-9b949"},"entryPoint":"createUserDocument","labels":{"deployment-tool":"cli-firebase"},"sourceUploadUrl":"https://storage.googleapis.com/uploads-257852764889.us-central1.cloudfunctions.appspot.com/1804d1b5-a865-4581-9c7e-37eeca373db4.zip?GoogleAccessId=service-177765753804@gcf-admin-robot.iam.gserviceaccount.com&Expires=1713105542&Signature=F%2B08Qj60dnmH%2F%2Fyj3M3Sm0SRc0yBatGZMVYWmZqBaY%2Bif2p54yh44J2o9U8liStC3WO5SmFtJB0tAPjLUpijYd0%2FvV7NDxRLqHsLKx2rEjvVzQrANcsvn67L0aKOdq5zCO%2B3IoouHKHUwF4781k4ChN6FL7JUldQMzq%2B2Wqa%2Btc70%2FP9I1JFc3FqLx0e4oJ3Op0sFrXeT4Q0feoY%2BPRMjJfKG10%2FpV12cb4bExfxsaZY51GsMVKxs2ph8kuF6sJGnPzpwT9SR5t8hLrs78eUd2V8uHJP11pdSP73NzkCzIQ5zny6FF9BMvbzNsaIDOVXFeQWOaIZjObXXJRuqowDmQ%3D%3D","environmentVariables":{"FIREBASE_CONFIG":"{\"projectId\":\"forum-9b949\",\"storageBucket\":\"forum-9b949.appspot.com\"}","GCLOUD_PROJECT":"forum-9b949"},"runtime":"nodejs16"},"versionId":"1","updateTime":"2024-04-14T14:10:46Z","buildId":"692872e0-dc6f-495d-875e-be7257edff3c","sourceToken":"f70333df-bf14-439b-8510-5f1fa65efec8","buildName":"projects/177765753804/locations/us-central1/builds/692872e0-dc6f-495d-875e-be7257edff3c"},"done":true,"response":{"@type":"type.googleapis.com/google.cloud.functions.v1.CloudFunction","name":"projects/forum-9b949/locations/us-central1/functions/createUserDocument","eventTrigger":{"eventType":"providers/firebase.auth/eventTypes/user.create","resource":"projects/forum-9b949","service":"firebaseauth.googleapis.com","failurePolicy":{}},"status":"ACTIVE","entryPoint":"createUserDocument","timeout":"60s","availableMemoryMb":256,"serviceAccountEmail":"forum-9b949@appspot.gserviceaccount.com","updateTime":"2024-04-14T14:10:46.068Z","versionId":"1","labels":{"deployment-tool":"cli-firebase"},"sourceUploadUrl":"https://storage.googleapis.com/uploads-257852764889.us-central1.cloudfunctions.appspot.com/1804d1b5-a865-4581-9c7e-37eeca373db4.zip","environmentVariables":{"FIREBASE_CONFIG":"{\"projectId\":\"forum-9b949\",\"storageBucket\":\"forum-9b949.appspot.com\"}","GCLOUD_PROJECT":"forum-9b949"},"runtime":"nodejs16","maxInstances":3000,"ingressSettings":"ALLOW_ALL","buildId":"692872e0-dc6f-495d-875e-be7257edff3c","buildName":"projects/177765753804/locations/us-central1/builds/692872e0-dc6f-495d-875e-be7257edff3c","dockerRegistry":"ARTIFACT_REGISTRY","automaticUpdatePolicy":{}}}
[debug] [2024-04-14T14:10:52.216Z] Got source token f70333df-bf14-439b-8510-5f1fa65efec8 for region us-central1
[info] ✔  functions[createUserDocument(us-central1)] Successful create operation. 
[debug] [2024-04-14T14:10:52.232Z] Total Function Deployment time: 109488
[debug] [2024-04-14T14:10:52.232Z] 1 Functions Deployed
[debug] [2024-04-14T14:10:52.232Z] 0 Functions Errored
[debug] [2024-04-14T14:10:52.232Z] 0 Function Deployments Aborted
[debug] [2024-04-14T14:10:52.232Z] Average Function Deployment time: 109485
[info] i  functions: cleaning up build files... 
[debug] [2024-04-14T14:10:52.358Z] >>> [apiv2][query] DELETE https://artifactregistry.googleapis.com/v1beta2/projects/forum-9b949/locations/us-central1/repositories/gcf-artifacts/packages/create_user_document [none]
[debug] [2024-04-14T14:10:52.360Z] >>> [apiv2][query] GET https://us.gcr.io/v2/forum-9b949/gcf/us-central1/tags/list [none]
[debug] [2024-04-14T14:10:52.632Z] <<< [apiv2][status] GET https://us.gcr.io/v2/forum-9b949/gcf/us-central1/tags/list 404
[debug] [2024-04-14T14:10:52.632Z] <<< [apiv2][body] GET https://us.gcr.io/v2/forum-9b949/gcf/us-central1/tags/list {"errors":[{"code":"NAME_UNKNOWN","message":"Repository \"us.gcr.io\" not found"}]}
[debug] [2024-04-14T14:10:52.633Z] Failed docker command with error HTTP Error: 404, Not Found {"name":"FirebaseError","children":[],"context":{"body":{"errors":[{"code":"NAME_UNKNOWN","message":"Repository \"us.gcr.io\" not found"}],"error":{"message":"Not Found"}},"response":{"statusCode":404}},"exit":1,"message":"HTTP Error: 404, Not Found","status":404}
[debug] [2024-04-14T14:10:52.637Z] >>> [apiv2][query] GET https://us.gcr.io/v2/forum-9b949/gcf/us-central1/tags/list [none]
[debug] [2024-04-14T14:10:52.652Z] <<< [apiv2][status] DELETE https://artifactregistry.googleapis.com/v1beta2/projects/forum-9b949/locations/us-central1/repositories/gcf-artifacts/packages/create_user_document 200
[debug] [2024-04-14T14:10:52.652Z] <<< [apiv2][body] DELETE https://artifactregistry.googleapis.com/v1beta2/projects/forum-9b949/locations/us-central1/repositories/gcf-artifacts/packages/create_user_document {"name":"projects/forum-9b949/locations/us-central1/operations/abc5e8e9-afa6-4191-ba15-8304a52649c3","metadata":{"@type":"type.googleapis.com/google.devtools.artifactregistry.v1beta2.OperationMetadata"}}
[debug] [2024-04-14T14:10:52.652Z] >>> [apiv2][query] GET https://artifactregistry.googleapis.com/v1beta2/projects/forum-9b949/locations/us-central1/operations/abc5e8e9-afa6-4191-ba15-8304a52649c3 [none]
[debug] [2024-04-14T14:10:52.854Z] <<< [apiv2][status] GET https://artifactregistry.googleapis.com/v1beta2/projects/forum-9b949/locations/us-central1/operations/abc5e8e9-afa6-4191-ba15-8304a52649c3 200
[debug] [2024-04-14T14:10:52.854Z] <<< [apiv2][body] GET https://artifactregistry.googleapis.com/v1beta2/projects/forum-9b949/locations/us-central1/operations/abc5e8e9-afa6-4191-ba15-8304a52649c3 {"name":"projects/forum-9b949/locations/us-central1/operations/abc5e8e9-afa6-4191-ba15-8304a52649c3","metadata":{"@type":"type.googleapis.com/google.devtools.artifactregistry.v1beta2.OperationMetadata"},"done":true,"response":{"@type":"type.googleapis.com/google.protobuf.Empty"}}
[debug] [2024-04-14T14:10:52.867Z] <<< [apiv2][status] GET https://us.gcr.io/v2/forum-9b949/gcf/us-central1/tags/list 404
[debug] [2024-04-14T14:10:52.867Z] <<< [apiv2][body] GET https://us.gcr.io/v2/forum-9b949/gcf/us-central1/tags/list {"errors":[{"code":"NAME_UNKNOWN","message":"Repository \"us.gcr.io\" not found"}]}
[debug] [2024-04-14T14:10:52.867Z] Failed docker command with error HTTP Error: 404, Not Found {"name":"FirebaseError","children":[],"context":{"body":{"errors":[{"code":"NAME_UNKNOWN","message":"Repository \"us.gcr.io\" not found"}],"error":{"message":"Not Found"}},"response":{"statusCode":404}},"exit":1,"message":"HTTP Error: 404, Not Found","status":404}
[debug] [2024-04-14T14:10:52.969Z] >>> [apiv2][query] GET https://us.gcr.io/v2/forum-9b949/gcf/us-central1/tags/list [none]
[debug] [2024-04-14T14:10:53.121Z] <<< [apiv2][status] GET https://us.gcr.io/v2/forum-9b949/gcf/us-central1/tags/list 404
[debug] [2024-04-14T14:10:53.121Z] <<< [apiv2][body] GET https://us.gcr.io/v2/forum-9b949/gcf/us-central1/tags/list {"errors":[{"code":"NAME_UNKNOWN","message":"Repository \"us.gcr.io\" not found"}]}
[debug] [2024-04-14T14:10:53.121Z] Failed docker command with error HTTP Error: 404, Not Found {"name":"FirebaseError","children":[],"context":{"body":{"errors":[{"code":"NAME_UNKNOWN","message":"Repository \"us.gcr.io\" not found"}],"error":{"message":"Not Found"}},"response":{"statusCode":404}},"exit":1,"message":"HTTP Error: 404, Not Found","status":404}
[warn] ⚠  functions: Unhandled error cleaning up build images. This could result in a small monthly bill if not corrected. You can attempt to delete these images by redeploying or you can delete them manually at https://console.cloud.google.com/gcr/images/forum-9b949/us/gcf 
[info] 
[info] ✔  Deploy complete! 
[info] 
[info] Project Console: https://console.firebase.google.com/project/forum-9b949/overview
